{"D:\\projects\\personal\\sdlc-cli\\src\\commands\\config\\get.ts": {"path":"D:\\projects\\personal\\sdlc-cli\\src\\commands\\config\\get.ts","statementMap":{"0":{"start":{"line":5,"column":23},"end":{"line":5,"column":null}},"1":{"start":{"line":7,"column":19},"end":{"line":7,"column":null}},"2":{"start":{"line":9,"column":20},"end":{"line":13,"column":null}},"3":{"start":{"line":15,"column":16},"end":{"line":21,"column":null}},"4":{"start":{"line":23,"column":17},"end":{"line":28,"column":null}},"5":{"start":{"line":31,"column":26},"end":{"line":31,"column":null}},"6":{"start":{"line":32,"column":16},"end":{"line":32,"column":null}},"7":{"start":{"line":34,"column":19},"end":{"line":34,"column":null}},"8":{"start":{"line":35,"column":18},"end":{"line":35,"column":null}},"9":{"start":{"line":37,"column":4},"end":{"line":57,"column":null}},"10":{"start":{"line":38,"column":27},"end":{"line":38,"column":null}},"11":{"start":{"line":39,"column":25},"end":{"line":39,"column":null}},"12":{"start":{"line":40,"column":21},"end":{"line":40,"column":null}},"13":{"start":{"line":41,"column":24},"end":{"line":41,"column":null}},"14":{"start":{"line":43,"column":19},"end":{"line":43,"column":null}},"15":{"start":{"line":44,"column":6},"end":{"line":50,"column":null}},"16":{"start":{"line":45,"column":8},"end":{"line":45,"column":null}},"17":{"start":{"line":46,"column":6},"end":{"line":50,"column":null}},"18":{"start":{"line":47,"column":8},"end":{"line":47,"column":null}},"19":{"start":{"line":49,"column":8},"end":{"line":49,"column":null}},"20":{"start":{"line":52,"column":27},"end":{"line":52,"column":null}},"21":{"start":{"line":53,"column":6},"end":{"line":53,"column":null}},"22":{"start":{"line":55,"column":27},"end":{"line":55,"column":null}},"23":{"start":{"line":56,"column":6},"end":{"line":56,"column":null}}},"fnMap":{"0":{"name":"(anonymous_0)","decl":{"start":{"line":30,"column":8},"end":{"line":30,"column":29}},"loc":{"start":{"line":30,"column":29},"end":{"line":58,"column":null}},"line":30}},"branchMap":{"0":{"loc":{"start":{"line":37,"column":4},"end":{"line":57,"column":null}},"type":"if","locations":[{"start":{"line":37,"column":4},"end":{"line":57,"column":null}},{"start":{"line":54,"column":11},"end":{"line":57,"column":null}}],"line":37},"1":{"loc":{"start":{"line":40,"column":21},"end":{"line":40,"column":null}},"type":"binary-expr","locations":[{"start":{"line":40,"column":21},"end":{"line":40,"column":35}},{"start":{"line":40,"column":35},"end":{"line":40,"column":null}}],"line":40},"2":{"loc":{"start":{"line":41,"column":24},"end":{"line":41,"column":null}},"type":"binary-expr","locations":[{"start":{"line":41,"column":24},"end":{"line":41,"column":35}},{"start":{"line":41,"column":35},"end":{"line":41,"column":null}}],"line":41},"3":{"loc":{"start":{"line":44,"column":6},"end":{"line":50,"column":null}},"type":"if","locations":[{"start":{"line":44,"column":6},"end":{"line":50,"column":null}},{"start":{"line":46,"column":6},"end":{"line":50,"column":null}}],"line":44},"4":{"loc":{"start":{"line":46,"column":6},"end":{"line":50,"column":null}},"type":"if","locations":[{"start":{"line":46,"column":6},"end":{"line":50,"column":null}},{"start":{"line":48,"column":13},"end":{"line":50,"column":null}}],"line":46},"5":{"loc":{"start":{"line":52,"column":27},"end":{"line":52,"column":null}},"type":"cond-expr","locations":[{"start":{"line":52,"column":49},"end":{"line":52,"column":65}},{"start":{"line":52,"column":65},"end":{"line":52,"column":null}}],"line":52},"6":{"loc":{"start":{"line":55,"column":27},"end":{"line":55,"column":null}},"type":"cond-expr","locations":[{"start":{"line":55,"column":49},"end":{"line":55,"column":65}},{"start":{"line":55,"column":65},"end":{"line":55,"column":null}}],"line":55}},"s":{"0":1,"1":1,"2":1,"3":1,"4":1,"5":9,"6":9,"7":9,"8":9,"9":9,"10":4,"11":4,"12":4,"13":4,"14":4,"15":4,"16":1,"17":3,"18":3,"19":0,"20":4,"21":4,"22":5,"23":5},"f":{"0":9},"b":{"0":[4,5],"1":[4,2],"2":[4,3],"3":[1,3],"4":[3,0],"5":[2,2],"6":[4,1]},"meta":{"lastBranch":7,"lastFunction":1,"lastStatement":24,"seen":{"s:5:23:5:Infinity":0,"s:7:19:7:Infinity":1,"s:9:20:13:Infinity":2,"s:15:16:21:Infinity":3,"s:23:17:28:Infinity":4,"f:30:8:30:29":0,"s:31:26:31:Infinity":5,"s:32:16:32:Infinity":6,"s:34:19:34:Infinity":7,"s:35:18:35:Infinity":8,"b:37:4:57:Infinity:54:11:57:Infinity":0,"s:37:4:57:Infinity":9,"s:38:27:38:Infinity":10,"s:39:25:39:Infinity":11,"s:40:21:40:Infinity":12,"b:40:21:40:35:40:35:40:Infinity":1,"s:41:24:41:Infinity":13,"b:41:24:41:35:41:35:41:Infinity":2,"s:43:19:43:Infinity":14,"b:44:6:50:Infinity:46:6:50:Infinity":3,"s:44:6:50:Infinity":15,"s:45:8:45:Infinity":16,"b:46:6:50:Infinity:48:13:50:Infinity":4,"s:46:6:50:Infinity":17,"s:47:8:47:Infinity":18,"s:49:8:49:Infinity":19,"s:52:27:52:Infinity":20,"b:52:49:52:65:52:65:52:Infinity":5,"s:53:6:53:Infinity":21,"s:55:27:55:Infinity":22,"b:55:49:55:65:55:65:55:Infinity":6,"s:56:6:56:Infinity":23}}}
,"D:\\projects\\personal\\sdlc-cli\\src\\commands\\config\\list.ts": {"path":"D:\\projects\\personal\\sdlc-cli\\src\\commands\\config\\list.ts","statementMap":{"0":{"start":{"line":5,"column":23},"end":{"line":5,"column":null}},"1":{"start":{"line":7,"column":19},"end":{"line":7,"column":null}},"2":{"start":{"line":9,"column":20},"end":{"line":11,"column":null}},"3":{"start":{"line":14,"column":19},"end":{"line":14,"column":null}},"4":{"start":{"line":15,"column":25},"end":{"line":15,"column":null}},"5":{"start":{"line":17,"column":4},"end":{"line":17,"column":null}},"6":{"start":{"line":18,"column":4},"end":{"line":18,"column":null}},"7":{"start":{"line":20,"column":4},"end":{"line":24,"column":null}},"8":{"start":{"line":21,"column":6},"end":{"line":21,"column":null}},"9":{"start":{"line":23,"column":6},"end":{"line":23,"column":null}},"10":{"start":{"line":27,"column":51},"end":{"line":27,"column":null}},"11":{"start":{"line":29,"column":4},"end":{"line":45,"column":null}},"12":{"start":{"line":30,"column":20},"end":{"line":30,"column":null}},"13":{"start":{"line":31,"column":21},"end":{"line":31,"column":null}},"14":{"start":{"line":32,"column":24},"end":{"line":32,"column":null}},"15":{"start":{"line":34,"column":19},"end":{"line":34,"column":null}},"16":{"start":{"line":35,"column":6},"end":{"line":41,"column":null}},"17":{"start":{"line":36,"column":8},"end":{"line":36,"column":null}},"18":{"start":{"line":37,"column":6},"end":{"line":41,"column":null}},"19":{"start":{"line":38,"column":8},"end":{"line":38,"column":null}},"20":{"start":{"line":40,"column":8},"end":{"line":40,"column":null}},"21":{"start":{"line":43,"column":27},"end":{"line":43,"column":null}},"22":{"start":{"line":44,"column":6},"end":{"line":44,"column":null}},"23":{"start":{"line":47,"column":4},"end":{"line":47,"column":null}},"24":{"start":{"line":48,"column":4},"end":{"line":48,"column":null}}},"fnMap":{"0":{"name":"(anonymous_0)","decl":{"start":{"line":13,"column":8},"end":{"line":13,"column":29}},"loc":{"start":{"line":13,"column":29},"end":{"line":49,"column":null}},"line":13},"1":{"name":"(anonymous_1)","decl":{"start":{"line":29,"column":17},"end":{"line":29,"column":24}},"loc":{"start":{"line":29,"column":24},"end":{"line":45,"column":5}},"line":29}},"branchMap":{"0":{"loc":{"start":{"line":20,"column":4},"end":{"line":24,"column":null}},"type":"if","locations":[{"start":{"line":20,"column":4},"end":{"line":24,"column":null}},{"start":{"line":22,"column":11},"end":{"line":24,"column":null}}],"line":20},"1":{"loc":{"start":{"line":31,"column":21},"end":{"line":31,"column":null}},"type":"binary-expr","locations":[{"start":{"line":31,"column":21},"end":{"line":31,"column":31}},{"start":{"line":31,"column":31},"end":{"line":31,"column":null}}],"line":31},"2":{"loc":{"start":{"line":32,"column":24},"end":{"line":32,"column":null}},"type":"binary-expr","locations":[{"start":{"line":32,"column":24},"end":{"line":32,"column":35}},{"start":{"line":32,"column":35},"end":{"line":32,"column":null}}],"line":32},"3":{"loc":{"start":{"line":35,"column":6},"end":{"line":41,"column":null}},"type":"if","locations":[{"start":{"line":35,"column":6},"end":{"line":41,"column":null}},{"start":{"line":37,"column":6},"end":{"line":41,"column":null}}],"line":35},"4":{"loc":{"start":{"line":37,"column":6},"end":{"line":41,"column":null}},"type":"if","locations":[{"start":{"line":37,"column":6},"end":{"line":41,"column":null}},{"start":{"line":39,"column":13},"end":{"line":41,"column":null}}],"line":37},"5":{"loc":{"start":{"line":43,"column":27},"end":{"line":43,"column":null}},"type":"cond-expr","locations":[{"start":{"line":43,"column":49},"end":{"line":43,"column":65}},{"start":{"line":43,"column":65},"end":{"line":43,"column":null}}],"line":43}},"s":{"0":1,"1":1,"2":1,"3":4,"4":4,"5":4,"6":4,"7":4,"8":1,"9":3,"10":4,"11":4,"12":16,"13":16,"14":16,"15":16,"16":16,"17":7,"18":9,"19":6,"20":3,"21":16,"22":16,"23":4,"24":4},"f":{"0":4,"1":16},"b":{"0":[1,3],"1":[16,12],"2":[16,9],"3":[7,9],"4":[6,3],"5":[13,3]},"meta":{"lastBranch":6,"lastFunction":2,"lastStatement":25,"seen":{"s:5:23:5:Infinity":0,"s:7:19:7:Infinity":1,"s:9:20:11:Infinity":2,"f:13:8:13:29":0,"s:14:19:14:Infinity":3,"s:15:25:15:Infinity":4,"s:17:4:17:Infinity":5,"s:18:4:18:Infinity":6,"b:20:4:24:Infinity:22:11:24:Infinity":0,"s:20:4:24:Infinity":7,"s:21:6:21:Infinity":8,"s:23:6:23:Infinity":9,"s:27:51:27:Infinity":10,"s:29:4:45:Infinity":11,"f:29:17:29:24":1,"s:30:20:30:Infinity":12,"s:31:21:31:Infinity":13,"b:31:21:31:31:31:31:31:Infinity":1,"s:32:24:32:Infinity":14,"b:32:24:32:35:32:35:32:Infinity":2,"s:34:19:34:Infinity":15,"b:35:6:41:Infinity:37:6:41:Infinity":3,"s:35:6:41:Infinity":16,"s:36:8:36:Infinity":17,"b:37:6:41:Infinity:39:13:41:Infinity":4,"s:37:6:41:Infinity":18,"s:38:8:38:Infinity":19,"s:40:8:40:Infinity":20,"s:43:27:43:Infinity":21,"b:43:49:43:65:43:65:43:Infinity":5,"s:44:6:44:Infinity":22,"s:47:4:47:Infinity":23,"s:48:4:48:Infinity":24}}}
,"D:\\projects\\personal\\sdlc-cli\\src\\commands\\config\\set.ts": {"path":"D:\\projects\\personal\\sdlc-cli\\src\\commands\\config\\set.ts","statementMap":{"0":{"start":{"line":6,"column":23},"end":{"line":6,"column":null}},"1":{"start":{"line":8,"column":19},"end":{"line":8,"column":null}},"2":{"start":{"line":10,"column":20},"end":{"line":14,"column":null}},"3":{"start":{"line":16,"column":16},"end":{"line":26,"column":null}},"4":{"start":{"line":29,"column":19},"end":{"line":29,"column":null}},"5":{"start":{"line":30,"column":16},"end":{"line":30,"column":null}},"6":{"start":{"line":31,"column":18},"end":{"line":31,"column":null}},"7":{"start":{"line":34,"column":35},"end":{"line":34,"column":null}},"8":{"start":{"line":35,"column":4},"end":{"line":39,"column":null}},"9":{"start":{"line":36,"column":6},"end":{"line":36,"column":null}},"10":{"start":{"line":38,"column":6},"end":{"line":38,"column":null}},"11":{"start":{"line":42,"column":4},"end":{"line":44,"column":null}},"12":{"start":{"line":43,"column":6},"end":{"line":43,"column":null}},"13":{"start":{"line":46,"column":4},"end":{"line":46,"column":null}},"14":{"start":{"line":48,"column":4},"end":{"line":54,"column":null}},"15":{"start":{"line":49,"column":6},"end":{"line":49,"column":null}},"16":{"start":{"line":50,"column":6},"end":{"line":50,"column":null}},"17":{"start":{"line":51,"column":6},"end":{"line":51,"column":null}},"18":{"start":{"line":53,"column":6},"end":{"line":53,"column":null}}},"fnMap":{"0":{"name":"(anonymous_0)","decl":{"start":{"line":28,"column":8},"end":{"line":28,"column":29}},"loc":{"start":{"line":28,"column":29},"end":{"line":55,"column":null}},"line":28}},"branchMap":{"0":{"loc":{"start":{"line":42,"column":4},"end":{"line":44,"column":null}},"type":"if","locations":[{"start":{"line":42,"column":4},"end":{"line":44,"column":null}},{"start":{},"end":{}}],"line":42},"1":{"loc":{"start":{"line":42,"column":8},"end":{"line":42,"column":65}},"type":"binary-expr","locations":[{"start":{"line":42,"column":8},"end":{"line":42,"column":26}},{"start":{"line":42,"column":26},"end":{"line":42,"column":46}},{"start":{"line":42,"column":46},"end":{"line":42,"column":65}}],"line":42}},"s":{"0":1,"1":1,"2":1,"3":1,"4":8,"5":8,"6":8,"7":8,"8":8,"9":8,"10":1,"11":7,"12":1,"13":6,"14":6,"15":6,"16":5,"17":5,"18":1},"f":{"0":8},"b":{"0":[1,6],"1":[7,3,2]},"meta":{"lastBranch":2,"lastFunction":1,"lastStatement":19,"seen":{"s:6:23:6:Infinity":0,"s:8:19:8:Infinity":1,"s:10:20:14:Infinity":2,"s:16:16:26:Infinity":3,"f:28:8:28:29":0,"s:29:19:29:Infinity":4,"s:30:16:30:Infinity":5,"s:31:18:31:Infinity":6,"s:34:35:34:Infinity":7,"s:35:4:39:Infinity":8,"s:36:6:36:Infinity":9,"s:38:6:38:Infinity":10,"b:42:4:44:Infinity:undefined:undefined:undefined:undefined":0,"s:42:4:44:Infinity":11,"b:42:8:42:26:42:26:42:46:42:46:42:65":1,"s:43:6:43:Infinity":12,"s:46:4:46:Infinity":13,"s:48:4:54:Infinity":14,"s:49:6:49:Infinity":15,"s:50:6:50:Infinity":16,"s:51:6:51:Infinity":17,"s:53:6:53:Infinity":18}}}
,"D:\\projects\\personal\\sdlc-cli\\src\\commands\\config\\unset.ts": {"path":"D:\\projects\\personal\\sdlc-cli\\src\\commands\\config\\unset.ts","statementMap":{"0":{"start":{"line":5,"column":23},"end":{"line":5,"column":null}},"1":{"start":{"line":7,"column":19},"end":{"line":7,"column":null}},"2":{"start":{"line":9,"column":20},"end":{"line":13,"column":null}},"3":{"start":{"line":15,"column":16},"end":{"line":21,"column":null}},"4":{"start":{"line":24,"column":19},"end":{"line":24,"column":null}},"5":{"start":{"line":25,"column":16},"end":{"line":25,"column":null}},"6":{"start":{"line":28,"column":19},"end":{"line":28,"column":null}},"7":{"start":{"line":29,"column":4},"end":{"line":32,"column":null}},"8":{"start":{"line":30,"column":6},"end":{"line":30,"column":null}},"9":{"start":{"line":31,"column":6},"end":{"line":31,"column":null}},"10":{"start":{"line":34,"column":4},"end":{"line":34,"column":null}},"11":{"start":{"line":36,"column":4},"end":{"line":42,"column":null}},"12":{"start":{"line":37,"column":6},"end":{"line":37,"column":null}},"13":{"start":{"line":38,"column":6},"end":{"line":38,"column":null}},"14":{"start":{"line":39,"column":6},"end":{"line":39,"column":null}},"15":{"start":{"line":41,"column":6},"end":{"line":41,"column":null}}},"fnMap":{"0":{"name":"(anonymous_0)","decl":{"start":{"line":23,"column":8},"end":{"line":23,"column":29}},"loc":{"start":{"line":23,"column":29},"end":{"line":43,"column":null}},"line":23}},"branchMap":{"0":{"loc":{"start":{"line":29,"column":4},"end":{"line":32,"column":null}},"type":"if","locations":[{"start":{"line":29,"column":4},"end":{"line":32,"column":null}},{"start":{},"end":{}}],"line":29},"1":{"loc":{"start":{"line":29,"column":8},"end":{"line":29,"column":46}},"type":"binary-expr","locations":[{"start":{"line":29,"column":8},"end":{"line":29,"column":19}},{"start":{"line":29,"column":19},"end":{"line":29,"column":46}}],"line":29}},"s":{"0":1,"1":1,"2":1,"3":1,"4":7,"5":7,"6":7,"7":7,"8":2,"9":2,"10":5,"11":5,"12":5,"13":4,"14":4,"15":1},"f":{"0":7},"b":{"0":[2,5],"1":[7,6]},"meta":{"lastBranch":2,"lastFunction":1,"lastStatement":16,"seen":{"s:5:23:5:Infinity":0,"s:7:19:7:Infinity":1,"s:9:20:13:Infinity":2,"s:15:16:21:Infinity":3,"f:23:8:23:29":0,"s:24:19:24:Infinity":4,"s:25:16:25:Infinity":5,"s:28:19:28:Infinity":6,"b:29:4:32:Infinity:undefined:undefined:undefined:undefined":0,"s:29:4:32:Infinity":7,"b:29:8:29:19:29:19:29:46":1,"s:30:6:30:Infinity":8,"s:31:6:31:Infinity":9,"s:34:4:34:Infinity":10,"s:36:4:42:Infinity":11,"s:37:6:37:Infinity":12,"s:38:6:38:Infinity":13,"s:39:6:39:Infinity":14,"s:41:6:41:Infinity":15}}}
,"D:\\projects\\personal\\sdlc-cli\\src\\commands\\release-helper\\bump-version.ts": {"path":"D:\\projects\\personal\\sdlc-cli\\src\\commands\\release-helper\\bump-version.ts","statementMap":{"0":{"start":{"line":9,"column":6},"end":{"line":9,"column":null}},"1":{"start":{"line":12,"column":23},"end":{"line":12,"column":null}},"2":{"start":{"line":14,"column":19},"end":{"line":14,"column":null}},"3":{"start":{"line":16,"column":20},"end":{"line":19,"column":null}},"4":{"start":{"line":21,"column":17},"end":{"line":56,"column":null}},"5":{"start":{"line":59,"column":20},"end":{"line":59,"column":null}},"6":{"start":{"line":62,"column":19},"end":{"line":62,"column":null}},"7":{"start":{"line":63,"column":22},"end":{"line":63,"column":null}},"8":{"start":{"line":64,"column":21},"end":{"line":64,"column":null}},"9":{"start":{"line":67,"column":4},"end":{"line":69,"column":null}},"10":{"start":{"line":68,"column":6},"end":{"line":68,"column":null}},"11":{"start":{"line":72,"column":4},"end":{"line":74,"column":null}},"12":{"start":{"line":73,"column":6},"end":{"line":73,"column":null}},"13":{"start":{"line":76,"column":4},"end":{"line":76,"column":null}},"14":{"start":{"line":78,"column":10},"end":{"line":78,"column":null}},"15":{"start":{"line":79,"column":28},"end":{"line":79,"column":null}},"16":{"start":{"line":83,"column":4},"end":{"line":94,"column":null}},"17":{"start":{"line":84,"column":6},"end":{"line":86,"column":null}},"18":{"start":{"line":85,"column":8},"end":{"line":85,"column":null}},"19":{"start":{"line":87,"column":6},"end":{"line":87,"column":null}},"20":{"start":{"line":89,"column":42},"end":{"line":89,"column":null}},"21":{"start":{"line":90,"column":20},"end":{"line":90,"column":null}},"22":{"start":{"line":91,"column":20},"end":{"line":91,"column":null}},"23":{"start":{"line":92,"column":20},"end":{"line":92,"column":null}},"24":{"start":{"line":93,"column":6},"end":{"line":93,"column":null}},"25":{"start":{"line":97,"column":10},"end":{"line":97,"column":null}},"26":{"start":{"line":98,"column":24},"end":{"line":98,"column":null}},"27":{"start":{"line":101,"column":25},"end":{"line":103,"column":null}},"28":{"start":{"line":102,"column":6},"end":{"line":102,"column":null}},"29":{"start":{"line":106,"column":10},"end":{"line":106,"column":null}},"30":{"start":{"line":107,"column":20},"end":{"line":107,"column":null}},"31":{"start":{"line":108,"column":4},"end":{"line":108,"column":null}},"32":{"start":{"line":110,"column":4},"end":{"line":110,"column":null}},"33":{"start":{"line":111,"column":4},"end":{"line":111,"column":null}},"34":{"start":{"line":112,"column":4},"end":{"line":112,"column":null}},"35":{"start":{"line":113,"column":4},"end":{"line":113,"column":null}},"36":{"start":{"line":114,"column":4},"end":{"line":114,"column":null}},"37":{"start":{"line":115,"column":4},"end":{"line":115,"column":null}},"38":{"start":{"line":115,"column":33},"end":{"line":115,"column":54}},"39":{"start":{"line":118,"column":4},"end":{"line":128,"column":null}},"40":{"start":{"line":119,"column":6},"end":{"line":119,"column":null}},"41":{"start":{"line":120,"column":6},"end":{"line":120,"column":null}},"42":{"start":{"line":123,"column":6},"end":{"line":123,"column":null}},"43":{"start":{"line":124,"column":6},"end":{"line":124,"column":null}},"44":{"start":{"line":126,"column":6},"end":{"line":126,"column":null}},"45":{"start":{"line":127,"column":6},"end":{"line":127,"column":null}},"46":{"start":{"line":132,"column":4},"end":{"line":145,"column":null}},"47":{"start":{"line":134,"column":6},"end":{"line":136,"column":null}},"48":{"start":{"line":135,"column":8},"end":{"line":135,"column":null}},"49":{"start":{"line":138,"column":28},"end":{"line":138,"column":null}},"50":{"start":{"line":140,"column":6},"end":{"line":140,"column":null}},"51":{"start":{"line":142,"column":6},"end":{"line":142,"column":null}},"52":{"start":{"line":143,"column":6},"end":{"line":143,"column":null}},"53":{"start":{"line":144,"column":6},"end":{"line":144,"column":null}},"54":{"start":{"line":149,"column":4},"end":{"line":164,"column":null}},"55":{"start":{"line":151,"column":31},"end":{"line":151,"column":null}},"56":{"start":{"line":152,"column":28},"end":{"line":152,"column":null}},"57":{"start":{"line":154,"column":6},"end":{"line":156,"column":null}},"58":{"start":{"line":155,"column":8},"end":{"line":155,"column":null}},"59":{"start":{"line":159,"column":6},"end":{"line":159,"column":null}},"60":{"start":{"line":161,"column":6},"end":{"line":161,"column":null}},"61":{"start":{"line":162,"column":6},"end":{"line":162,"column":null}},"62":{"start":{"line":163,"column":6},"end":{"line":163,"column":null}}},"fnMap":{"0":{"name":"(anonymous_0)","decl":{"start":{"line":58,"column":8},"end":{"line":58,"column":29}},"loc":{"start":{"line":58,"column":29},"end":{"line":129,"column":null}},"line":58},"1":{"name":"(anonymous_1)","decl":{"start":{"line":101,"column":41},"end":{"line":101,"column":null}},"loc":{"start":{"line":102,"column":6},"end":{"line":102,"column":null}},"line":102},"2":{"name":"(anonymous_2)","decl":{"start":{"line":115,"column":25},"end":{"line":115,"column":33}},"loc":{"start":{"line":115,"column":33},"end":{"line":115,"column":54}},"line":115},"3":{"name":"(anonymous_3)","decl":{"start":{"line":131,"column":16},"end":{"line":131,"column":37}},"loc":{"start":{"line":131,"column":86},"end":{"line":146,"column":null}},"line":131},"4":{"name":"(anonymous_4)","decl":{"start":{"line":148,"column":16},"end":{"line":148,"column":46}},"loc":{"start":{"line":148,"column":46},"end":{"line":165,"column":null}},"line":148}},"branchMap":{"0":{"loc":{"start":{"line":63,"column":22},"end":{"line":63,"column":null}},"type":"binary-expr","locations":[{"start":{"line":63,"column":22},"end":{"line":63,"column":40}},{"start":{"line":63,"column":40},"end":{"line":63,"column":59}},{"start":{"line":63,"column":59},"end":{"line":63,"column":null}}],"line":63},"1":{"loc":{"start":{"line":64,"column":21},"end":{"line":64,"column":null}},"type":"binary-expr","locations":[{"start":{"line":64,"column":21},"end":{"line":64,"column":38}},{"start":{"line":64,"column":38},"end":{"line":64,"column":56}},{"start":{"line":64,"column":56},"end":{"line":64,"column":null}}],"line":64},"2":{"loc":{"start":{"line":67,"column":4},"end":{"line":69,"column":null}},"type":"if","locations":[{"start":{"line":67,"column":4},"end":{"line":69,"column":null}},{"start":{},"end":{}}],"line":67},"3":{"loc":{"start":{"line":72,"column":4},"end":{"line":74,"column":null}},"type":"if","locations":[{"start":{"line":72,"column":4},"end":{"line":74,"column":null}},{"start":{},"end":{}}],"line":72},"4":{"loc":{"start":{"line":83,"column":4},"end":{"line":94,"column":null}},"type":"if","locations":[{"start":{"line":83,"column":4},"end":{"line":94,"column":null}},{"start":{"line":88,"column":11},"end":{"line":94,"column":null}}],"line":83},"5":{"loc":{"start":{"line":84,"column":6},"end":{"line":86,"column":null}},"type":"if","locations":[{"start":{"line":84,"column":6},"end":{"line":86,"column":null}},{"start":{},"end":{}}],"line":84},"6":{"loc":{"start":{"line":84,"column":10},"end":{"line":84,"column":53}},"type":"binary-expr","locations":[{"start":{"line":84,"column":10},"end":{"line":84,"column":25}},{"start":{"line":84,"column":25},"end":{"line":84,"column":40}},{"start":{"line":84,"column":40},"end":{"line":84,"column":53}}],"line":84},"7":{"loc":{"start":{"line":90,"column":20},"end":{"line":90,"column":null}},"type":"binary-expr","locations":[{"start":{"line":90,"column":20},"end":{"line":90,"column":35}},{"start":{"line":90,"column":35},"end":{"line":90,"column":null}}],"line":90},"8":{"loc":{"start":{"line":91,"column":20},"end":{"line":91,"column":null}},"type":"binary-expr","locations":[{"start":{"line":91,"column":20},"end":{"line":91,"column":35}},{"start":{"line":91,"column":35},"end":{"line":91,"column":null}}],"line":91},"9":{"loc":{"start":{"line":92,"column":20},"end":{"line":92,"column":null}},"type":"binary-expr","locations":[{"start":{"line":92,"column":20},"end":{"line":92,"column":36}},{"start":{"line":92,"column":36},"end":{"line":92,"column":null}}],"line":92},"10":{"loc":{"start":{"line":102,"column":25},"end":{"line":102,"column":41}},"type":"binary-expr","locations":[{"start":{"line":102,"column":25},"end":{"line":102,"column":38}},{"start":{"line":102,"column":38},"end":{"line":102,"column":41}}],"line":102},"11":{"loc":{"start":{"line":107,"column":20},"end":{"line":107,"column":null}},"type":"cond-expr","locations":[{"start":{"line":107,"column":51},"end":{"line":107,"column":70}},{"start":{"line":107,"column":70},"end":{"line":107,"column":null}}],"line":107},"12":{"loc":{"start":{"line":118,"column":4},"end":{"line":128,"column":null}},"type":"if","locations":[{"start":{"line":118,"column":4},"end":{"line":128,"column":null}},{"start":{"line":125,"column":11},"end":{"line":128,"column":null}}],"line":118},"13":{"loc":{"start":{"line":154,"column":6},"end":{"line":156,"column":null}},"type":"if","locations":[{"start":{"line":154,"column":6},"end":{"line":156,"column":null}},{"start":{},"end":{}}],"line":154}},"s":{"0":1,"1":1,"2":1,"3":1,"4":1,"5":5,"6":5,"7":5,"8":5,"9":5,"10":1,"11":4,"12":1,"13":3,"14":3,"15":3,"16":3,"17":1,"18":0,"19":1,"20":2,"21":2,"22":2,"23":2,"24":2,"25":3,"26":3,"27":3,"28":1,"29":3,"30":3,"31":5,"32":3,"33":3,"34":3,"35":3,"36":3,"37":3,"38":1,"39":3,"40":1,"41":1,"42":1,"43":1,"44":2,"45":2,"46":1,"47":1,"48":2,"49":1,"50":1,"51":0,"52":0,"53":0,"54":1,"55":1,"56":1,"57":1,"58":0,"59":1,"60":0,"61":0,"62":0},"f":{"0":5,"1":1,"2":1,"3":1,"4":1},"b":{"0":[5,5,0],"1":[5,5,0],"2":[1,4],"3":[1,3],"4":[1,2],"5":[0,1],"6":[1,1,1],"7":[2,2],"8":[2,2],"9":[2,2],"10":[1,0],"11":[0,3],"12":[1,2],"13":[0,1]},"meta":{"lastBranch":14,"lastFunction":5,"lastStatement":63,"seen":{"s:9:6:9:Infinity":0,"s:12:23:12:Infinity":1,"s:14:19:14:Infinity":2,"s:16:20:19:Infinity":3,"s:21:17:56:Infinity":4,"f:58:8:58:29":0,"s:59:20:59:Infinity":5,"s:62:19:62:Infinity":6,"s:63:22:63:Infinity":7,"b:63:22:63:40:63:40:63:59:63:59:63:Infinity":0,"s:64:21:64:Infinity":8,"b:64:21:64:38:64:38:64:56:64:56:64:Infinity":1,"b:67:4:69:Infinity:undefined:undefined:undefined:undefined":2,"s:67:4:69:Infinity":9,"s:68:6:68:Infinity":10,"b:72:4:74:Infinity:undefined:undefined:undefined:undefined":3,"s:72:4:74:Infinity":11,"s:73:6:73:Infinity":12,"s:76:4:76:Infinity":13,"s:78:10:78:Infinity":14,"s:79:28:79:Infinity":15,"b:83:4:94:Infinity:88:11:94:Infinity":4,"s:83:4:94:Infinity":16,"b:84:6:86:Infinity:undefined:undefined:undefined:undefined":5,"s:84:6:86:Infinity":17,"b:84:10:84:25:84:25:84:40:84:40:84:53":6,"s:85:8:85:Infinity":18,"s:87:6:87:Infinity":19,"s:89:42:89:Infinity":20,"s:90:20:90:Infinity":21,"b:90:20:90:35:90:35:90:Infinity":7,"s:91:20:91:Infinity":22,"b:91:20:91:35:91:35:91:Infinity":8,"s:92:20:92:Infinity":23,"b:92:20:92:36:92:36:92:Infinity":9,"s:93:6:93:Infinity":24,"s:97:10:97:Infinity":25,"s:98:24:98:Infinity":26,"s:101:25:103:Infinity":27,"f:101:41:101:Infinity":1,"s:102:6:102:Infinity":28,"b:102:25:102:38:102:38:102:41":10,"s:106:10:106:Infinity":29,"s:107:20:107:Infinity":30,"b:107:51:107:70:107:70:107:Infinity":11,"s:108:4:108:Infinity":31,"s:110:4:110:Infinity":32,"s:111:4:111:Infinity":33,"s:112:4:112:Infinity":34,"s:113:4:113:Infinity":35,"s:114:4:114:Infinity":36,"s:115:4:115:Infinity":37,"f:115:25:115:33":2,"s:115:33:115:54":38,"b:118:4:128:Infinity:125:11:128:Infinity":12,"s:118:4:128:Infinity":39,"s:119:6:119:Infinity":40,"s:120:6:120:Infinity":41,"s:123:6:123:Infinity":42,"s:124:6:124:Infinity":43,"s:126:6:126:Infinity":44,"s:127:6:127:Infinity":45,"f:131:16:131:37":3,"s:132:4:145:Infinity":46,"s:134:6:136:Infinity":47,"s:135:8:135:Infinity":48,"s:138:28:138:Infinity":49,"s:140:6:140:Infinity":50,"s:142:6:142:Infinity":51,"s:143:6:143:Infinity":52,"s:144:6:144:Infinity":53,"f:148:16:148:46":4,"s:149:4:164:Infinity":54,"s:151:31:151:Infinity":55,"s:152:28:152:Infinity":56,"b:154:6:156:Infinity:undefined:undefined:undefined:undefined":13,"s:154:6:156:Infinity":57,"s:155:8:155:Infinity":58,"s:159:6:159:Infinity":59,"s:161:6:161:Infinity":60,"s:162:6:162:Infinity":61,"s:163:6:163:Infinity":62}}}
,"D:\\projects\\personal\\sdlc-cli\\src\\commands\\release-helper\\cleanup.ts": {"path":"D:\\projects\\personal\\sdlc-cli\\src\\commands\\release-helper\\cleanup.ts","statementMap":{"0":{"start":{"line":7,"column":23},"end":{"line":7,"column":null}},"1":{"start":{"line":9,"column":19},"end":{"line":9,"column":null}},"2":{"start":{"line":11,"column":20},"end":{"line":14,"column":null}},"3":{"start":{"line":16,"column":17},"end":{"line":36,"column":null}},"4":{"start":{"line":39,"column":20},"end":{"line":39,"column":null}},"5":{"start":{"line":42,"column":19},"end":{"line":42,"column":null}},"6":{"start":{"line":43,"column":21},"end":{"line":43,"column":null}},"7":{"start":{"line":44,"column":22},"end":{"line":44,"column":null}},"8":{"start":{"line":46,"column":10},"end":{"line":46,"column":null}},"9":{"start":{"line":47,"column":10},"end":{"line":47,"column":null}},"10":{"start":{"line":48,"column":27},"end":{"line":48,"column":null}},"11":{"start":{"line":50,"column":4},"end":{"line":50,"column":null}},"12":{"start":{"line":52,"column":24},"end":{"line":52,"column":null}},"13":{"start":{"line":54,"column":4},"end":{"line":57,"column":null}},"14":{"start":{"line":55,"column":6},"end":{"line":55,"column":null}},"15":{"start":{"line":56,"column":6},"end":{"line":56,"column":null}},"16":{"start":{"line":59,"column":4},"end":{"line":59,"column":null}},"17":{"start":{"line":60,"column":4},"end":{"line":62,"column":null}},"18":{"start":{"line":61,"column":6},"end":{"line":61,"column":null}},"19":{"start":{"line":64,"column":4},"end":{"line":70,"column":null}},"20":{"start":{"line":65,"column":24},"end":{"line":65,"column":null}},"21":{"start":{"line":66,"column":6},"end":{"line":69,"column":null}},"22":{"start":{"line":67,"column":8},"end":{"line":67,"column":null}},"23":{"start":{"line":68,"column":8},"end":{"line":68,"column":null}},"24":{"start":{"line":72,"column":4},"end":{"line":72,"column":null}},"25":{"start":{"line":73,"column":4},"end":{"line":80,"column":null}},"26":{"start":{"line":74,"column":6},"end":{"line":79,"column":null}},"27":{"start":{"line":75,"column":8},"end":{"line":75,"column":null}},"28":{"start":{"line":76,"column":8},"end":{"line":76,"column":null}},"29":{"start":{"line":78,"column":8},"end":{"line":78,"column":null}},"30":{"start":{"line":82,"column":4},"end":{"line":82,"column":null}},"31":{"start":{"line":87,"column":4},"end":{"line":87,"column":null}}},"fnMap":{"0":{"name":"(anonymous_0)","decl":{"start":{"line":38,"column":8},"end":{"line":38,"column":29}},"loc":{"start":{"line":38,"column":29},"end":{"line":83,"column":null}},"line":38},"1":{"name":"(anonymous_1)","decl":{"start":{"line":60,"column":24},"end":{"line":60,"column":33}},"loc":{"start":{"line":60,"column":33},"end":{"line":62,"column":5}},"line":60},"2":{"name":"(anonymous_2)","decl":{"start":{"line":85,"column":16},"end":{"line":85,"column":24}},"loc":{"start":{"line":85,"column":59},"end":{"line":88,"column":null}},"line":85}},"branchMap":{"0":{"loc":{"start":{"line":43,"column":21},"end":{"line":43,"column":null}},"type":"binary-expr","locations":[{"start":{"line":43,"column":21},"end":{"line":43,"column":38}},{"start":{"line":43,"column":38},"end":{"line":43,"column":56}},{"start":{"line":43,"column":56},"end":{"line":43,"column":null}}],"line":43},"1":{"loc":{"start":{"line":44,"column":22},"end":{"line":44,"column":null}},"type":"binary-expr","locations":[{"start":{"line":44,"column":22},"end":{"line":44,"column":40}},{"start":{"line":44,"column":40},"end":{"line":44,"column":59}},{"start":{"line":44,"column":59},"end":{"line":44,"column":null}}],"line":44},"2":{"loc":{"start":{"line":54,"column":4},"end":{"line":57,"column":null}},"type":"if","locations":[{"start":{"line":54,"column":4},"end":{"line":57,"column":null}},{"start":{},"end":{}}],"line":54},"3":{"loc":{"start":{"line":61,"column":52},"end":{"line":61,"column":73}},"type":"binary-expr","locations":[{"start":{"line":61,"column":52},"end":{"line":61,"column":65}},{"start":{"line":61,"column":65},"end":{"line":61,"column":73}}],"line":61},"4":{"loc":{"start":{"line":64,"column":4},"end":{"line":70,"column":null}},"type":"if","locations":[{"start":{"line":64,"column":4},"end":{"line":70,"column":null}},{"start":{},"end":{}}],"line":64},"5":{"loc":{"start":{"line":66,"column":6},"end":{"line":69,"column":null}},"type":"if","locations":[{"start":{"line":66,"column":6},"end":{"line":69,"column":null}},{"start":{},"end":{}}],"line":66}},"s":{"0":1,"1":1,"2":1,"3":1,"4":3,"5":3,"6":3,"7":3,"8":3,"9":3,"10":3,"11":3,"12":3,"13":3,"14":1,"15":1,"16":2,"17":2,"18":4,"19":2,"20":0,"21":0,"22":0,"23":0,"24":2,"25":2,"26":4,"27":4,"28":3,"29":1,"30":2,"31":0},"f":{"0":3,"1":4,"2":0},"b":{"0":[3,3,0],"1":[3,3,0],"2":[1,2],"3":[4,0],"4":[0,2],"5":[0,0]},"meta":{"lastBranch":6,"lastFunction":3,"lastStatement":32,"seen":{"s:7:23:7:Infinity":0,"s:9:19:9:Infinity":1,"s:11:20:14:Infinity":2,"s:16:17:36:Infinity":3,"f:38:8:38:29":0,"s:39:20:39:Infinity":4,"s:42:19:42:Infinity":5,"s:43:21:43:Infinity":6,"b:43:21:43:38:43:38:43:56:43:56:43:Infinity":0,"s:44:22:44:Infinity":7,"b:44:22:44:40:44:40:44:59:44:59:44:Infinity":1,"s:46:10:46:Infinity":8,"s:47:10:47:Infinity":9,"s:48:27:48:Infinity":10,"s:50:4:50:Infinity":11,"s:52:24:52:Infinity":12,"b:54:4:57:Infinity:undefined:undefined:undefined:undefined":2,"s:54:4:57:Infinity":13,"s:55:6:55:Infinity":14,"s:56:6:56:Infinity":15,"s:59:4:59:Infinity":16,"s:60:4:62:Infinity":17,"f:60:24:60:33":1,"s:61:6:61:Infinity":18,"b:61:52:61:65:61:65:61:73":3,"b:64:4:70:Infinity:undefined:undefined:undefined:undefined":4,"s:64:4:70:Infinity":19,"s:65:24:65:Infinity":20,"b:66:6:69:Infinity:undefined:undefined:undefined:undefined":5,"s:66:6:69:Infinity":21,"s:67:8:67:Infinity":22,"s:68:8:68:Infinity":23,"s:72:4:72:Infinity":24,"s:73:4:80:Infinity":25,"s:74:6:79:Infinity":26,"s:75:8:75:Infinity":27,"s:76:8:76:Infinity":28,"s:78:8:78:Infinity":29,"s:82:4:82:Infinity":30,"f:85:16:85:24":2,"s:87:4:87:Infinity":31}}}
,"D:\\projects\\personal\\sdlc-cli\\src\\commands\\release-helper\\create-pr.ts": {"path":"D:\\projects\\personal\\sdlc-cli\\src\\commands\\release-helper\\create-pr.ts","statementMap":{"0":{"start":{"line":9,"column":23},"end":{"line":9,"column":null}},"1":{"start":{"line":11,"column":19},"end":{"line":11,"column":null}},"2":{"start":{"line":13,"column":20},"end":{"line":16,"column":null}},"3":{"start":{"line":18,"column":17},"end":{"line":32,"column":null}},"4":{"start":{"line":35,"column":20},"end":{"line":35,"column":null}},"5":{"start":{"line":37,"column":4},"end":{"line":39,"column":null}},"6":{"start":{"line":38,"column":6},"end":{"line":38,"column":null}},"7":{"start":{"line":42,"column":19},"end":{"line":42,"column":null}},"8":{"start":{"line":43,"column":20},"end":{"line":43,"column":null}},"9":{"start":{"line":44,"column":26},"end":{"line":44,"column":null}},"10":{"start":{"line":47,"column":4},"end":{"line":47,"column":null}},"11":{"start":{"line":49,"column":10},"end":{"line":49,"column":null}},"12":{"start":{"line":50,"column":22},"end":{"line":50,"column":null}},"13":{"start":{"line":52,"column":20},"end":{"line":52,"column":null}},"14":{"start":{"line":53,"column":10},"end":{"line":53,"column":null}},"15":{"start":{"line":56,"column":16},"end":{"line":56,"column":null}},"16":{"start":{"line":57,"column":4},"end":{"line":60,"column":null}},"17":{"start":{"line":58,"column":6},"end":{"line":58,"column":null}},"18":{"start":{"line":59,"column":6},"end":{"line":59,"column":null}},"19":{"start":{"line":63,"column":24},"end":{"line":63,"column":null}},"20":{"start":{"line":66,"column":4},"end":{"line":66,"column":null}},"21":{"start":{"line":67,"column":4},"end":{"line":67,"column":null}},"22":{"start":{"line":70,"column":4},"end":{"line":70,"column":null}},"23":{"start":{"line":71,"column":18},"end":{"line":71,"column":null}},"24":{"start":{"line":73,"column":4},"end":{"line":73,"column":null}},"25":{"start":{"line":74,"column":4},"end":{"line":74,"column":null}},"26":{"start":{"line":76,"column":4},"end":{"line":78,"column":null}},"27":{"start":{"line":77,"column":6},"end":{"line":77,"column":null}},"28":{"start":{"line":80,"column":25},"end":{"line":80,"column":null}},"29":{"start":{"line":81,"column":4},"end":{"line":83,"column":null}},"30":{"start":{"line":82,"column":6},"end":{"line":82,"column":null}},"31":{"start":{"line":87,"column":4},"end":{"line":89,"column":null}},"32":{"start":{"line":88,"column":6},"end":{"line":88,"column":null}},"33":{"start":{"line":92,"column":22},"end":{"line":92,"column":null}},"34":{"start":{"line":93,"column":4},"end":{"line":93,"column":null}},"35":{"start":{"line":97,"column":22},"end":{"line":97,"column":null}},"36":{"start":{"line":100,"column":4},"end":{"line":106,"column":null}},"37":{"start":{"line":101,"column":6},"end":{"line":101,"column":null}},"38":{"start":{"line":102,"column":6},"end":{"line":104,"column":null}},"39":{"start":{"line":103,"column":8},"end":{"line":103,"column":null}},"40":{"start":{"line":105,"column":6},"end":{"line":105,"column":null}},"41":{"start":{"line":109,"column":4},"end":{"line":137,"column":null}},"42":{"start":{"line":110,"column":6},"end":{"line":110,"column":null}},"43":{"start":{"line":111,"column":6},"end":{"line":136,"column":null}},"44":{"start":{"line":112,"column":27},"end":{"line":112,"column":null}},"45":{"start":{"line":113,"column":22},"end":{"line":113,"column":null}},"46":{"start":{"line":114,"column":8},"end":{"line":135,"column":null}},"47":{"start":{"line":115,"column":10},"end":{"line":115,"column":null}},"48":{"start":{"line":116,"column":10},"end":{"line":121,"column":null}},"49":{"start":{"line":117,"column":12},"end":{"line":117,"column":null}},"50":{"start":{"line":118,"column":12},"end":{"line":120,"column":null}},"51":{"start":{"line":119,"column":14},"end":{"line":119,"column":null}},"52":{"start":{"line":122,"column":10},"end":{"line":127,"column":null}},"53":{"start":{"line":123,"column":12},"end":{"line":123,"column":null}},"54":{"start":{"line":124,"column":12},"end":{"line":126,"column":null}},"55":{"start":{"line":125,"column":14},"end":{"line":125,"column":null}},"56":{"start":{"line":128,"column":10},"end":{"line":133,"column":null}},"57":{"start":{"line":129,"column":12},"end":{"line":129,"column":null}},"58":{"start":{"line":130,"column":12},"end":{"line":132,"column":null}},"59":{"start":{"line":131,"column":14},"end":{"line":131,"column":null}},"60":{"start":{"line":134,"column":10},"end":{"line":134,"column":null}},"61":{"start":{"line":139,"column":4},"end":{"line":139,"column":null}},"62":{"start":{"line":140,"column":4},"end":{"line":140,"column":null}},"63":{"start":{"line":142,"column":4},"end":{"line":142,"column":null}}},"fnMap":{"0":{"name":"(anonymous_0)","decl":{"start":{"line":34,"column":8},"end":{"line":34,"column":29}},"loc":{"start":{"line":34,"column":29},"end":{"line":84,"column":null}},"line":34},"1":{"name":"(anonymous_1)","decl":{"start":{"line":86,"column":10},"end":{"line":86,"column":24}},"loc":{"start":{"line":86,"column":83},"end":{"line":94,"column":null}},"line":86},"2":{"name":"(anonymous_2)","decl":{"start":{"line":96,"column":10},"end":{"line":96,"column":30}},"loc":{"start":{"line":96,"column":89},"end":{"line":143,"column":null}},"line":96},"3":{"name":"(anonymous_3)","decl":{"start":{"line":102,"column":24},"end":{"line":102,"column":32}},"loc":{"start":{"line":102,"column":32},"end":{"line":104,"column":7}},"line":102},"4":{"name":"(anonymous_4)","decl":{"start":{"line":118,"column":37},"end":{"line":118,"column":38}},"loc":{"start":{"line":118,"column":55},"end":{"line":120,"column":13}},"line":118},"5":{"name":"(anonymous_5)","decl":{"start":{"line":124,"column":40},"end":{"line":124,"column":41}},"loc":{"start":{"line":124,"column":58},"end":{"line":126,"column":13}},"line":124},"6":{"name":"(anonymous_6)","decl":{"start":{"line":130,"column":39},"end":{"line":130,"column":40}},"loc":{"start":{"line":130,"column":57},"end":{"line":132,"column":13}},"line":130}},"branchMap":{"0":{"loc":{"start":{"line":37,"column":4},"end":{"line":39,"column":null}},"type":"if","locations":[{"start":{"line":37,"column":4},"end":{"line":39,"column":null}},{"start":{},"end":{}}],"line":37},"1":{"loc":{"start":{"line":43,"column":20},"end":{"line":43,"column":null}},"type":"cond-expr","locations":[{"start":{"line":43,"column":51},"end":{"line":43,"column":70}},{"start":{"line":43,"column":70},"end":{"line":43,"column":null}}],"line":43},"2":{"loc":{"start":{"line":44,"column":26},"end":{"line":44,"column":null}},"type":"binary-expr","locations":[{"start":{"line":44,"column":26},"end":{"line":44,"column":37}},{"start":{"line":44,"column":37},"end":{"line":44,"column":55}},{"start":{"line":44,"column":55},"end":{"line":44,"column":null}}],"line":44},"3":{"loc":{"start":{"line":57,"column":4},"end":{"line":60,"column":null}},"type":"if","locations":[{"start":{"line":57,"column":4},"end":{"line":60,"column":null}},{"start":{},"end":{}}],"line":57},"4":{"loc":{"start":{"line":76,"column":4},"end":{"line":78,"column":null}},"type":"if","locations":[{"start":{"line":76,"column":4},"end":{"line":78,"column":null}},{"start":{},"end":{}}],"line":76},"5":{"loc":{"start":{"line":81,"column":4},"end":{"line":83,"column":null}},"type":"if","locations":[{"start":{"line":81,"column":4},"end":{"line":83,"column":null}},{"start":{},"end":{}}],"line":81},"6":{"loc":{"start":{"line":87,"column":4},"end":{"line":89,"column":null}},"type":"if","locations":[{"start":{"line":87,"column":4},"end":{"line":89,"column":null}},{"start":{},"end":{}}],"line":87},"7":{"loc":{"start":{"line":92,"column":22},"end":{"line":92,"column":null}},"type":"binary-expr","locations":[{"start":{"line":92,"column":22},"end":{"line":92,"column":45}},{"start":{"line":92,"column":45},"end":{"line":92,"column":null}}],"line":92},"8":{"loc":{"start":{"line":100,"column":4},"end":{"line":106,"column":null}},"type":"if","locations":[{"start":{"line":100,"column":4},"end":{"line":106,"column":null}},{"start":{},"end":{}}],"line":100},"9":{"loc":{"start":{"line":103,"column":43},"end":{"line":103,"column":58}},"type":"binary-expr","locations":[{"start":{"line":103,"column":43},"end":{"line":103,"column":55}},{"start":{"line":103,"column":55},"end":{"line":103,"column":58}}],"line":103},"10":{"loc":{"start":{"line":109,"column":4},"end":{"line":137,"column":null}},"type":"if","locations":[{"start":{"line":109,"column":4},"end":{"line":137,"column":null}},{"start":{},"end":{}}],"line":109},"11":{"loc":{"start":{"line":114,"column":8},"end":{"line":135,"column":null}},"type":"if","locations":[{"start":{"line":114,"column":8},"end":{"line":135,"column":null}},{"start":{},"end":{}}],"line":114},"12":{"loc":{"start":{"line":116,"column":10},"end":{"line":121,"column":null}},"type":"if","locations":[{"start":{"line":116,"column":10},"end":{"line":121,"column":null}},{"start":{},"end":{}}],"line":116},"13":{"loc":{"start":{"line":122,"column":10},"end":{"line":127,"column":null}},"type":"if","locations":[{"start":{"line":122,"column":10},"end":{"line":127,"column":null}},{"start":{},"end":{}}],"line":122},"14":{"loc":{"start":{"line":128,"column":10},"end":{"line":133,"column":null}},"type":"if","locations":[{"start":{"line":128,"column":10},"end":{"line":133,"column":null}},{"start":{},"end":{}}],"line":128}},"s":{"0":0,"1":0,"2":0,"3":0,"4":0,"5":0,"6":0,"7":0,"8":0,"9":0,"10":0,"11":0,"12":0,"13":0,"14":0,"15":0,"16":0,"17":0,"18":0,"19":0,"20":0,"21":0,"22":0,"23":0,"24":0,"25":0,"26":0,"27":0,"28":0,"29":0,"30":0,"31":0,"32":0,"33":0,"34":0,"35":0,"36":0,"37":0,"38":0,"39":0,"40":0,"41":0,"42":0,"43":0,"44":0,"45":0,"46":0,"47":0,"48":0,"49":0,"50":0,"51":0,"52":0,"53":0,"54":0,"55":0,"56":0,"57":0,"58":0,"59":0,"60":0,"61":0,"62":0,"63":0},"f":{"0":0,"1":0,"2":0,"3":0,"4":0,"5":0,"6":0},"b":{"0":[0,0],"1":[0,0],"2":[0,0,0],"3":[0,0],"4":[0,0],"5":[0,0],"6":[0,0],"7":[0,0],"8":[0,0],"9":[0,0],"10":[0,0],"11":[0,0],"12":[0,0],"13":[0,0],"14":[0,0]},"meta":{"lastBranch":15,"lastFunction":7,"lastStatement":64,"seen":{"s:9:23:9:Infinity":0,"s:11:19:11:Infinity":1,"s:13:20:16:Infinity":2,"s:18:17:32:Infinity":3,"f:34:8:34:29":0,"s:35:20:35:Infinity":4,"b:37:4:39:Infinity:undefined:undefined:undefined:undefined":0,"s:37:4:39:Infinity":5,"s:38:6:38:Infinity":6,"s:42:19:42:Infinity":7,"s:43:20:43:Infinity":8,"b:43:51:43:70:43:70:43:Infinity":1,"s:44:26:44:Infinity":9,"b:44:26:44:37:44:37:44:55:44:55:44:Infinity":2,"s:47:4:47:Infinity":10,"s:49:10:49:Infinity":11,"s:50:22:50:Infinity":12,"s:52:20:52:Infinity":13,"s:53:10:53:Infinity":14,"s:56:16:56:Infinity":15,"b:57:4:60:Infinity:undefined:undefined:undefined:undefined":3,"s:57:4:60:Infinity":16,"s:58:6:58:Infinity":17,"s:59:6:59:Infinity":18,"s:63:24:63:Infinity":19,"s:66:4:66:Infinity":20,"s:67:4:67:Infinity":21,"s:70:4:70:Infinity":22,"s:71:18:71:Infinity":23,"s:73:4:73:Infinity":24,"s:74:4:74:Infinity":25,"b:76:4:78:Infinity:undefined:undefined:undefined:undefined":4,"s:76:4:78:Infinity":26,"s:77:6:77:Infinity":27,"s:80:25:80:Infinity":28,"b:81:4:83:Infinity:undefined:undefined:undefined:undefined":5,"s:81:4:83:Infinity":29,"s:82:6:82:Infinity":30,"f:86:10:86:24":1,"b:87:4:89:Infinity:undefined:undefined:undefined:undefined":6,"s:87:4:89:Infinity":31,"s:88:6:88:Infinity":32,"s:92:22:92:Infinity":33,"b:92:22:92:45:92:45:92:Infinity":7,"s:93:4:93:Infinity":34,"f:96:10:96:30":2,"s:97:22:97:Infinity":35,"b:100:4:106:Infinity:undefined:undefined:undefined:undefined":8,"s:100:4:106:Infinity":36,"s:101:6:101:Infinity":37,"s:102:6:104:Infinity":38,"f:102:24:102:32":3,"s:103:8:103:Infinity":39,"b:103:43:103:55:103:55:103:58":9,"s:105:6:105:Infinity":40,"b:109:4:137:Infinity:undefined:undefined:undefined:undefined":10,"s:109:4:137:Infinity":41,"s:110:6:110:Infinity":42,"s:111:6:136:Infinity":43,"s:112:27:112:Infinity":44,"s:113:22:113:Infinity":45,"b:114:8:135:Infinity:undefined:undefined:undefined:undefined":11,"s:114:8:135:Infinity":46,"s:115:10:115:Infinity":47,"b:116:10:121:Infinity:undefined:undefined:undefined:undefined":12,"s:116:10:121:Infinity":48,"s:117:12:117:Infinity":49,"s:118:12:120:Infinity":50,"f:118:37:118:38":4,"s:119:14:119:Infinity":51,"b:122:10:127:Infinity:undefined:undefined:undefined:undefined":13,"s:122:10:127:Infinity":52,"s:123:12:123:Infinity":53,"s:124:12:126:Infinity":54,"f:124:40:124:41":5,"s:125:14:125:Infinity":55,"b:128:10:133:Infinity:undefined:undefined:undefined:undefined":14,"s:128:10:133:Infinity":56,"s:129:12:129:Infinity":57,"s:130:12:132:Infinity":58,"f:130:39:130:40":6,"s:131:14:131:Infinity":59,"s:134:10:134:Infinity":60,"s:139:4:139:Infinity":61,"s:140:4:140:Infinity":62,"s:142:4:142:Infinity":63}}}
,"D:\\projects\\personal\\sdlc-cli\\src\\commands\\release-helper\\merge-and-release.ts": {"path":"D:\\projects\\personal\\sdlc-cli\\src\\commands\\release-helper\\merge-and-release.ts","statementMap":{"0":{"start":{"line":9,"column":6},"end":{"line":9,"column":null}},"1":{"start":{"line":12,"column":23},"end":{"line":12,"column":null}},"2":{"start":{"line":14,"column":19},"end":{"line":14,"column":null}},"3":{"start":{"line":16,"column":20},"end":{"line":18,"column":null}},"4":{"start":{"line":21,"column":4},"end":{"line":21,"column":null}},"5":{"start":{"line":24,"column":4},"end":{"line":26,"column":null}},"6":{"start":{"line":25,"column":6},"end":{"line":25,"column":null}},"7":{"start":{"line":29,"column":23},"end":{"line":29,"column":null}},"8":{"start":{"line":30,"column":4},"end":{"line":32,"column":null}},"9":{"start":{"line":31,"column":6},"end":{"line":31,"column":null}},"10":{"start":{"line":35,"column":4},"end":{"line":49,"column":null}},"11":{"start":{"line":36,"column":38},"end":{"line":36,"column":null}},"12":{"start":{"line":37,"column":26},"end":{"line":37,"column":null}},"13":{"start":{"line":38,"column":34},"end":{"line":40,"column":null}},"14":{"start":{"line":39,"column":16},"end":{"line":39,"column":null}},"15":{"start":{"line":42,"column":6},"end":{"line":44,"column":null}},"16":{"start":{"line":43,"column":8},"end":{"line":43,"column":null}},"17":{"start":{"line":46,"column":6},"end":{"line":46,"column":null}},"18":{"start":{"line":48,"column":6},"end":{"line":48,"column":null}},"19":{"start":{"line":52,"column":4},"end":{"line":52,"column":null}},"20":{"start":{"line":56,"column":4},"end":{"line":56,"column":null}},"21":{"start":{"line":57,"column":4},"end":{"line":57,"column":null}},"22":{"start":{"line":60,"column":4},"end":{"line":60,"column":null}},"23":{"start":{"line":61,"column":4},"end":{"line":61,"column":null}},"24":{"start":{"line":62,"column":4},"end":{"line":62,"column":null}},"25":{"start":{"line":65,"column":4},"end":{"line":65,"column":null}},"26":{"start":{"line":67,"column":4},"end":{"line":80,"column":null}},"27":{"start":{"line":68,"column":34},"end":{"line":68,"column":null}},"28":{"start":{"line":69,"column":26},"end":{"line":69,"column":null}},"29":{"start":{"line":70,"column":6},"end":{"line":70,"column":null}},"30":{"start":{"line":71,"column":24},"end":{"line":71,"column":null}},"31":{"start":{"line":72,"column":29},"end":{"line":72,"column":null}},"32":{"start":{"line":73,"column":26},"end":{"line":73,"column":null}},"33":{"start":{"line":74,"column":6},"end":{"line":74,"column":null}},"34":{"start":{"line":76,"column":6},"end":{"line":76,"column":null}},"35":{"start":{"line":78,"column":26},"end":{"line":78,"column":null}},"36":{"start":{"line":79,"column":6},"end":{"line":79,"column":null}},"37":{"start":{"line":83,"column":4},"end":{"line":86,"column":null}},"38":{"start":{"line":84,"column":26},"end":{"line":84,"column":null}},"39":{"start":{"line":85,"column":6},"end":{"line":85,"column":null}},"40":{"start":{"line":87,"column":22},"end":{"line":87,"column":null}},"41":{"start":{"line":89,"column":4},"end":{"line":98,"column":null}},"42":{"start":{"line":90,"column":6},"end":{"line":90,"column":null}},"43":{"start":{"line":91,"column":6},"end":{"line":97,"column":null}},"44":{"start":{"line":92,"column":8},"end":{"line":92,"column":null}},"45":{"start":{"line":93,"column":8},"end":{"line":93,"column":null}},"46":{"start":{"line":95,"column":8},"end":{"line":95,"column":null}},"47":{"start":{"line":96,"column":8},"end":{"line":96,"column":null}},"48":{"start":{"line":101,"column":4},"end":{"line":101,"column":null}},"49":{"start":{"line":102,"column":4},"end":{"line":108,"column":null}},"50":{"start":{"line":103,"column":33},"end":{"line":103,"column":null}},"51":{"start":{"line":104,"column":22},"end":{"line":104,"column":null}},"52":{"start":{"line":105,"column":6},"end":{"line":105,"column":null}},"53":{"start":{"line":107,"column":6},"end":{"line":107,"column":null}},"54":{"start":{"line":110,"column":4},"end":{"line":110,"column":null}}},"fnMap":{"0":{"name":"(anonymous_0)","decl":{"start":{"line":20,"column":8},"end":{"line":20,"column":29}},"loc":{"start":{"line":20,"column":29},"end":{"line":111,"column":null}},"line":20},"1":{"name":"(anonymous_1)","decl":{"start":{"line":39,"column":8},"end":{"line":39,"column":16}},"loc":{"start":{"line":39,"column":16},"end":{"line":39,"column":null}},"line":39}},"branchMap":{"0":{"loc":{"start":{"line":24,"column":4},"end":{"line":26,"column":null}},"type":"if","locations":[{"start":{"line":24,"column":4},"end":{"line":26,"column":null}},{"start":{},"end":{}}],"line":24},"1":{"loc":{"start":{"line":30,"column":4},"end":{"line":32,"column":null}},"type":"if","locations":[{"start":{"line":30,"column":4},"end":{"line":32,"column":null}},{"start":{},"end":{}}],"line":30},"2":{"loc":{"start":{"line":42,"column":6},"end":{"line":44,"column":null}},"type":"if","locations":[{"start":{"line":42,"column":6},"end":{"line":44,"column":null}},{"start":{},"end":{}}],"line":42},"3":{"loc":{"start":{"line":71,"column":24},"end":{"line":71,"column":null}},"type":"binary-expr","locations":[{"start":{"line":71,"column":24},"end":{"line":71,"column":43}},{"start":{"line":71,"column":43},"end":{"line":71,"column":null}}],"line":71},"4":{"loc":{"start":{"line":83,"column":4},"end":{"line":86,"column":null}},"type":"if","locations":[{"start":{"line":83,"column":4},"end":{"line":86,"column":null}},{"start":{},"end":{}}],"line":83},"5":{"loc":{"start":{"line":87,"column":22},"end":{"line":87,"column":null}},"type":"binary-expr","locations":[{"start":{"line":87,"column":22},"end":{"line":87,"column":41}},{"start":{"line":87,"column":41},"end":{"line":87,"column":null}}],"line":87},"6":{"loc":{"start":{"line":89,"column":4},"end":{"line":98,"column":null}},"type":"if","locations":[{"start":{"line":89,"column":4},"end":{"line":98,"column":null}},{"start":{},"end":{}}],"line":89},"7":{"loc":{"start":{"line":89,"column":8},"end":{"line":89,"column":60}},"type":"binary-expr","locations":[{"start":{"line":89,"column":8},"end":{"line":89,"column":33}},{"start":{"line":89,"column":33},"end":{"line":89,"column":60}}],"line":89}},"s":{"0":0,"1":0,"2":0,"3":0,"4":0,"5":0,"6":0,"7":0,"8":0,"9":0,"10":0,"11":0,"12":0,"13":0,"14":0,"15":0,"16":0,"17":0,"18":0,"19":0,"20":0,"21":0,"22":0,"23":0,"24":0,"25":0,"26":0,"27":0,"28":0,"29":0,"30":0,"31":0,"32":0,"33":0,"34":0,"35":0,"36":0,"37":0,"38":0,"39":0,"40":0,"41":0,"42":0,"43":0,"44":0,"45":0,"46":0,"47":0,"48":0,"49":0,"50":0,"51":0,"52":0,"53":0,"54":0},"f":{"0":0,"1":0},"b":{"0":[0,0],"1":[0,0],"2":[0,0],"3":[0,0],"4":[0,0],"5":[0,0],"6":[0,0],"7":[0,0]},"meta":{"lastBranch":8,"lastFunction":2,"lastStatement":55,"seen":{"s:9:6:9:Infinity":0,"s:12:23:12:Infinity":1,"s:14:19:14:Infinity":2,"s:16:20:18:Infinity":3,"f:20:8:20:29":0,"s:21:4:21:Infinity":4,"b:24:4:26:Infinity:undefined:undefined:undefined:undefined":0,"s:24:4:26:Infinity":5,"s:25:6:25:Infinity":6,"s:29:23:29:Infinity":7,"b:30:4:32:Infinity:undefined:undefined:undefined:undefined":1,"s:30:4:32:Infinity":8,"s:31:6:31:Infinity":9,"s:35:4:49:Infinity":10,"s:36:38:36:Infinity":11,"s:37:26:37:Infinity":12,"s:38:34:40:Infinity":13,"f:39:8:39:16":1,"s:39:16:39:Infinity":14,"b:42:6:44:Infinity:undefined:undefined:undefined:undefined":2,"s:42:6:44:Infinity":15,"s:43:8:43:Infinity":16,"s:46:6:46:Infinity":17,"s:48:6:48:Infinity":18,"s:52:4:52:Infinity":19,"s:56:4:56:Infinity":20,"s:57:4:57:Infinity":21,"s:60:4:60:Infinity":22,"s:61:4:61:Infinity":23,"s:62:4:62:Infinity":24,"s:65:4:65:Infinity":25,"s:67:4:80:Infinity":26,"s:68:34:68:Infinity":27,"s:69:26:69:Infinity":28,"s:70:6:70:Infinity":29,"s:71:24:71:Infinity":30,"b:71:24:71:43:71:43:71:Infinity":3,"s:72:29:72:Infinity":31,"s:73:26:73:Infinity":32,"s:74:6:74:Infinity":33,"s:76:6:76:Infinity":34,"s:78:26:78:Infinity":35,"s:79:6:79:Infinity":36,"b:83:4:86:Infinity:undefined:undefined:undefined:undefined":4,"s:83:4:86:Infinity":37,"s:84:26:84:Infinity":38,"s:85:6:85:Infinity":39,"s:87:22:87:Infinity":40,"b:87:22:87:41:87:41:87:Infinity":5,"b:89:4:98:Infinity:undefined:undefined:undefined:undefined":6,"s:89:4:98:Infinity":41,"b:89:8:89:33:89:33:89:60":7,"s:90:6:90:Infinity":42,"s:91:6:97:Infinity":43,"s:92:8:92:Infinity":44,"s:93:8:93:Infinity":45,"s:95:8:95:Infinity":46,"s:96:8:96:Infinity":47,"s:101:4:101:Infinity":48,"s:102:4:108:Infinity":49,"s:103:33:103:Infinity":50,"s:104:22:104:Infinity":51,"s:105:6:105:Infinity":52,"s:107:6:107:Infinity":53,"s:110:4:110:Infinity":54}}}
,"D:\\projects\\personal\\sdlc-cli\\src\\commands\\release-helper\\preview.ts": {"path":"D:\\projects\\personal\\sdlc-cli\\src\\commands\\release-helper\\preview.ts","statementMap":{"0":{"start":{"line":7,"column":23},"end":{"line":7,"column":null}},"1":{"start":{"line":9,"column":19},"end":{"line":9,"column":null}},"2":{"start":{"line":11,"column":20},"end":{"line":14,"column":null}},"3":{"start":{"line":16,"column":17},"end":{"line":31,"column":null}},"4":{"start":{"line":34,"column":20},"end":{"line":34,"column":null}},"5":{"start":{"line":37,"column":19},"end":{"line":37,"column":null}},"6":{"start":{"line":38,"column":21},"end":{"line":38,"column":null}},"7":{"start":{"line":39,"column":22},"end":{"line":39,"column":null}},"8":{"start":{"line":41,"column":10},"end":{"line":41,"column":null}},"9":{"start":{"line":42,"column":10},"end":{"line":42,"column":null}},"10":{"start":{"line":43,"column":27},"end":{"line":43,"column":null}},"11":{"start":{"line":45,"column":4},"end":{"line":45,"column":null}},"12":{"start":{"line":47,"column":24},"end":{"line":47,"column":null}},"13":{"start":{"line":49,"column":4},"end":{"line":52,"column":null}},"14":{"start":{"line":50,"column":6},"end":{"line":50,"column":null}},"15":{"start":{"line":51,"column":6},"end":{"line":51,"column":null}},"16":{"start":{"line":54,"column":4},"end":{"line":54,"column":null}},"17":{"start":{"line":55,"column":4},"end":{"line":55,"column":null}},"18":{"start":{"line":56,"column":4},"end":{"line":56,"column":null}},"19":{"start":{"line":58,"column":4},"end":{"line":60,"column":null}},"20":{"start":{"line":59,"column":6},"end":{"line":59,"column":null}},"21":{"start":{"line":63,"column":34},"end":{"line":63,"column":null}},"22":{"start":{"line":64,"column":24},"end":{"line":64,"column":null}},"23":{"start":{"line":66,"column":4},"end":{"line":66,"column":null}},"24":{"start":{"line":67,"column":4},"end":{"line":67,"column":null}}},"fnMap":{"0":{"name":"(anonymous_0)","decl":{"start":{"line":33,"column":8},"end":{"line":33,"column":29}},"loc":{"start":{"line":33,"column":29},"end":{"line":68,"column":null}},"line":33},"1":{"name":"(anonymous_1)","decl":{"start":{"line":58,"column":24},"end":{"line":58,"column":33}},"loc":{"start":{"line":58,"column":33},"end":{"line":60,"column":5}},"line":58}},"branchMap":{"0":{"loc":{"start":{"line":38,"column":21},"end":{"line":38,"column":null}},"type":"binary-expr","locations":[{"start":{"line":38,"column":21},"end":{"line":38,"column":38}},{"start":{"line":38,"column":38},"end":{"line":38,"column":56}},{"start":{"line":38,"column":56},"end":{"line":38,"column":null}}],"line":38},"1":{"loc":{"start":{"line":39,"column":22},"end":{"line":39,"column":null}},"type":"binary-expr","locations":[{"start":{"line":39,"column":22},"end":{"line":39,"column":40}},{"start":{"line":39,"column":40},"end":{"line":39,"column":59}},{"start":{"line":39,"column":59},"end":{"line":39,"column":null}}],"line":39},"2":{"loc":{"start":{"line":49,"column":4},"end":{"line":52,"column":null}},"type":"if","locations":[{"start":{"line":49,"column":4},"end":{"line":52,"column":null}},{"start":{},"end":{}}],"line":49},"3":{"loc":{"start":{"line":59,"column":34},"end":{"line":59,"column":50}},"type":"binary-expr","locations":[{"start":{"line":59,"column":34},"end":{"line":59,"column":47}},{"start":{"line":59,"column":47},"end":{"line":59,"column":50}}],"line":59}},"s":{"0":0,"1":0,"2":0,"3":0,"4":0,"5":0,"6":0,"7":0,"8":0,"9":0,"10":0,"11":0,"12":0,"13":0,"14":0,"15":0,"16":0,"17":0,"18":0,"19":0,"20":0,"21":0,"22":0,"23":0,"24":0},"f":{"0":0,"1":0},"b":{"0":[0,0,0],"1":[0,0,0],"2":[0,0],"3":[0,0]},"meta":{"lastBranch":4,"lastFunction":2,"lastStatement":25,"seen":{"s:7:23:7:Infinity":0,"s:9:19:9:Infinity":1,"s:11:20:14:Infinity":2,"s:16:17:31:Infinity":3,"f:33:8:33:29":0,"s:34:20:34:Infinity":4,"s:37:19:37:Infinity":5,"s:38:21:38:Infinity":6,"b:38:21:38:38:38:38:38:56:38:56:38:Infinity":0,"s:39:22:39:Infinity":7,"b:39:22:39:40:39:40:39:59:39:59:39:Infinity":1,"s:41:10:41:Infinity":8,"s:42:10:42:Infinity":9,"s:43:27:43:Infinity":10,"s:45:4:45:Infinity":11,"s:47:24:47:Infinity":12,"b:49:4:52:Infinity:undefined:undefined:undefined:undefined":2,"s:49:4:52:Infinity":13,"s:50:6:50:Infinity":14,"s:51:6:51:Infinity":15,"s:54:4:54:Infinity":16,"s:55:4:55:Infinity":17,"s:56:4:56:Infinity":18,"s:58:4:60:Infinity":19,"f:58:24:58:33":1,"s:59:6:59:Infinity":20,"b:59:34:59:47:59:47:59:50":3,"s:63:34:63:Infinity":21,"s:64:24:64:Infinity":22,"s:66:4:66:Infinity":23,"s:67:4:67:Infinity":24}}}
,"D:\\projects\\personal\\sdlc-cli\\src\\commands\\release-helper\\start-work.ts": {"path":"D:\\projects\\personal\\sdlc-cli\\src\\commands\\release-helper\\start-work.ts","statementMap":{"0":{"start":{"line":6,"column":6},"end":{"line":6,"column":null}},"1":{"start":{"line":9,"column":23},"end":{"line":9,"column":null}},"2":{"start":{"line":11,"column":19},"end":{"line":11,"column":null}},"3":{"start":{"line":13,"column":20},"end":{"line":16,"column":null}},"4":{"start":{"line":18,"column":17},"end":{"line":25,"column":null}},"5":{"start":{"line":28,"column":20},"end":{"line":28,"column":null}},"6":{"start":{"line":30,"column":4},"end":{"line":30,"column":null}},"7":{"start":{"line":33,"column":4},"end":{"line":33,"column":null}},"8":{"start":{"line":34,"column":4},"end":{"line":38,"column":null}},"9":{"start":{"line":35,"column":33},"end":{"line":35,"column":null}},"10":{"start":{"line":36,"column":28},"end":{"line":36,"column":null}},"11":{"start":{"line":37,"column":6},"end":{"line":37,"column":null}},"12":{"start":{"line":39,"column":4},"end":{"line":39,"column":null}},"13":{"start":{"line":42,"column":4},"end":{"line":42,"column":null}},"14":{"start":{"line":43,"column":4},"end":{"line":45,"column":null}},"15":{"start":{"line":44,"column":6},"end":{"line":44,"column":null}},"16":{"start":{"line":46,"column":4},"end":{"line":46,"column":null}},"17":{"start":{"line":49,"column":4},"end":{"line":49,"column":null}},"18":{"start":{"line":50,"column":4},"end":{"line":59,"column":null}},"19":{"start":{"line":51,"column":6},"end":{"line":51,"column":null}},"20":{"start":{"line":52,"column":6},"end":{"line":52,"column":null}},"21":{"start":{"line":54,"column":6},"end":{"line":58,"column":null}},"22":{"start":{"line":55,"column":8},"end":{"line":55,"column":null}},"23":{"start":{"line":57,"column":8},"end":{"line":57,"column":null}},"24":{"start":{"line":62,"column":4},"end":{"line":62,"column":null}},"25":{"start":{"line":63,"column":23},"end":{"line":63,"column":null}},"26":{"start":{"line":64,"column":4},"end":{"line":64,"column":null}},"27":{"start":{"line":65,"column":4},"end":{"line":65,"column":null}},"28":{"start":{"line":68,"column":4},"end":{"line":68,"column":null}},"29":{"start":{"line":69,"column":4},"end":{"line":69,"column":null}},"30":{"start":{"line":70,"column":4},"end":{"line":70,"column":null}},"31":{"start":{"line":71,"column":4},"end":{"line":71,"column":null}},"32":{"start":{"line":72,"column":4},"end":{"line":72,"column":null}},"33":{"start":{"line":73,"column":4},"end":{"line":73,"column":null}},"34":{"start":{"line":79,"column":22},"end":{"line":79,"column":null}},"35":{"start":{"line":80,"column":4},"end":{"line":80,"column":null}}},"fnMap":{"0":{"name":"(anonymous_0)","decl":{"start":{"line":27,"column":8},"end":{"line":27,"column":29}},"loc":{"start":{"line":27,"column":29},"end":{"line":74,"column":null}},"line":27},"1":{"name":"(anonymous_1)","decl":{"start":{"line":76,"column":16},"end":{"line":76,"column":36}},"loc":{"start":{"line":76,"column":73},"end":{"line":81,"column":null}},"line":76}},"branchMap":{"0":{"loc":{"start":{"line":34,"column":4},"end":{"line":38,"column":null}},"type":"if","locations":[{"start":{"line":34,"column":4},"end":{"line":38,"column":null}},{"start":{},"end":{}}],"line":34},"1":{"loc":{"start":{"line":43,"column":4},"end":{"line":45,"column":null}},"type":"if","locations":[{"start":{"line":43,"column":4},"end":{"line":45,"column":null}},{"start":{},"end":{}}],"line":43},"2":{"loc":{"start":{"line":54,"column":6},"end":{"line":58,"column":null}},"type":"if","locations":[{"start":{"line":54,"column":6},"end":{"line":58,"column":null}},{"start":{"line":56,"column":13},"end":{"line":58,"column":null}}],"line":54}},"s":{"0":0,"1":0,"2":0,"3":0,"4":0,"5":0,"6":0,"7":0,"8":0,"9":0,"10":0,"11":0,"12":0,"13":0,"14":0,"15":0,"16":0,"17":0,"18":0,"19":0,"20":0,"21":0,"22":0,"23":0,"24":0,"25":0,"26":0,"27":0,"28":0,"29":0,"30":0,"31":0,"32":0,"33":0,"34":0,"35":0},"f":{"0":0,"1":0},"b":{"0":[0,0],"1":[0,0],"2":[0,0]},"meta":{"lastBranch":3,"lastFunction":2,"lastStatement":36,"seen":{"s:6:6:6:Infinity":0,"s:9:23:9:Infinity":1,"s:11:19:11:Infinity":2,"s:13:20:16:Infinity":3,"s:18:17:25:Infinity":4,"f:27:8:27:29":0,"s:28:20:28:Infinity":5,"s:30:4:30:Infinity":6,"s:33:4:33:Infinity":7,"b:34:4:38:Infinity:undefined:undefined:undefined:undefined":0,"s:34:4:38:Infinity":8,"s:35:33:35:Infinity":9,"s:36:28:36:Infinity":10,"s:37:6:37:Infinity":11,"s:39:4:39:Infinity":12,"s:42:4:42:Infinity":13,"b:43:4:45:Infinity:undefined:undefined:undefined:undefined":1,"s:43:4:45:Infinity":14,"s:44:6:44:Infinity":15,"s:46:4:46:Infinity":16,"s:49:4:49:Infinity":17,"s:50:4:59:Infinity":18,"s:51:6:51:Infinity":19,"s:52:6:52:Infinity":20,"b:54:6:58:Infinity:56:13:58:Infinity":2,"s:54:6:58:Infinity":21,"s:55:8:55:Infinity":22,"s:57:8:57:Infinity":23,"s:62:4:62:Infinity":24,"s:63:23:63:Infinity":25,"s:64:4:64:Infinity":26,"s:65:4:65:Infinity":27,"s:68:4:68:Infinity":28,"s:69:4:69:Infinity":29,"s:70:4:70:Infinity":30,"s:71:4:71:Infinity":31,"s:72:4:72:Infinity":32,"s:73:4:73:Infinity":33,"f:76:16:76:36":1,"s:79:22:79:Infinity":34,"s:80:4:80:Infinity":35}}}
,"D:\\projects\\personal\\sdlc-cli\\src\\commands\\release-helper\\validate.ts": {"path":"D:\\projects\\personal\\sdlc-cli\\src\\commands\\release-helper\\validate.ts","statementMap":{"0":{"start":{"line":15,"column":6},"end":{"line":15,"column":null}},"1":{"start":{"line":18,"column":23},"end":{"line":18,"column":null}},"2":{"start":{"line":20,"column":19},"end":{"line":20,"column":null}},"3":{"start":{"line":22,"column":20},"end":{"line":24,"column":null}},"4":{"start":{"line":27,"column":4},"end":{"line":27,"column":null}},"5":{"start":{"line":30,"column":4},"end":{"line":46,"column":null}},"6":{"start":{"line":31,"column":12},"end":{"line":37,"column":null}},"7":{"start":{"line":38,"column":6},"end":{"line":45,"column":null}},"8":{"start":{"line":48,"column":19},"end":{"line":48,"column":null}},"9":{"start":{"line":49,"column":4},"end":{"line":49,"column":null}},"10":{"start":{"line":52,"column":4},"end":{"line":68,"column":null}},"11":{"start":{"line":53,"column":12},"end":{"line":59,"column":null}},"12":{"start":{"line":60,"column":6},"end":{"line":67,"column":null}},"13":{"start":{"line":69,"column":4},"end":{"line":69,"column":null}},"14":{"start":{"line":72,"column":4},"end":{"line":90,"column":null}},"15":{"start":{"line":73,"column":21},"end":{"line":73,"column":null}},"16":{"start":{"line":74,"column":12},"end":{"line":80,"column":null}},"17":{"start":{"line":81,"column":6},"end":{"line":89,"column":null}},"18":{"start":{"line":91,"column":4},"end":{"line":91,"column":null}},"19":{"start":{"line":95,"column":4},"end":{"line":95,"column":null}},"20":{"start":{"line":96,"column":4},"end":{"line":133,"column":null}},"21":{"start":{"line":98,"column":38},"end":{"line":98,"column":null}},"22":{"start":{"line":99,"column":26},"end":{"line":99,"column":null}},"23":{"start":{"line":100,"column":34},"end":{"line":102,"column":null}},"24":{"start":{"line":101,"column":16},"end":{"line":101,"column":null}},"25":{"start":{"line":104,"column":6},"end":{"line":122,"column":null}},"26":{"start":{"line":105,"column":14},"end":{"line":111,"column":null}},"27":{"start":{"line":112,"column":8},"end":{"line":121,"column":null}},"28":{"start":{"line":124,"column":6},"end":{"line":124,"column":null}},"29":{"start":{"line":126,"column":12},"end":{"line":131,"column":null}},"30":{"start":{"line":132,"column":6},"end":{"line":132,"column":null}},"31":{"start":{"line":135,"column":4},"end":{"line":135,"column":null}}},"fnMap":{"0":{"name":"(anonymous_0)","decl":{"start":{"line":26,"column":8},"end":{"line":26,"column":29}},"loc":{"start":{"line":26,"column":29},"end":{"line":136,"column":null}},"line":26},"1":{"name":"(anonymous_1)","decl":{"start":{"line":101,"column":8},"end":{"line":101,"column":16}},"loc":{"start":{"line":101,"column":16},"end":{"line":101,"column":null}},"line":101}},"branchMap":{"0":{"loc":{"start":{"line":30,"column":4},"end":{"line":46,"column":null}},"type":"if","locations":[{"start":{"line":30,"column":4},"end":{"line":46,"column":null}},{"start":{},"end":{}}],"line":30},"1":{"loc":{"start":{"line":52,"column":4},"end":{"line":68,"column":null}},"type":"if","locations":[{"start":{"line":52,"column":4},"end":{"line":68,"column":null}},{"start":{},"end":{}}],"line":52},"2":{"loc":{"start":{"line":72,"column":4},"end":{"line":90,"column":null}},"type":"if","locations":[{"start":{"line":72,"column":4},"end":{"line":90,"column":null}},{"start":{},"end":{}}],"line":72},"3":{"loc":{"start":{"line":104,"column":6},"end":{"line":122,"column":null}},"type":"if","locations":[{"start":{"line":104,"column":6},"end":{"line":122,"column":null}},{"start":{},"end":{}}],"line":104}},"s":{"0":1,"1":1,"2":1,"3":1,"4":6,"5":6,"6":1,"7":1,"8":5,"9":5,"10":5,"11":1,"12":1,"13":4,"14":4,"15":1,"16":1,"17":1,"18":3,"19":3,"20":3,"21":3,"22":2,"23":2,"24":11,"25":2,"26":1,"27":1,"28":1,"29":2,"30":2,"31":1},"f":{"0":6,"1":11},"b":{"0":[1,5],"1":[1,4],"2":[1,3],"3":[1,1]},"meta":{"lastBranch":4,"lastFunction":2,"lastStatement":32,"seen":{"s:15:6:15:Infinity":0,"s:18:23:18:Infinity":1,"s:20:19:20:Infinity":2,"s:22:20:24:Infinity":3,"f:26:8:26:29":0,"s:27:4:27:Infinity":4,"b:30:4:46:Infinity:undefined:undefined:undefined:undefined":0,"s:30:4:46:Infinity":5,"s:31:12:37:Infinity":6,"s:38:6:45:Infinity":7,"s:48:19:48:Infinity":8,"s:49:4:49:Infinity":9,"b:52:4:68:Infinity:undefined:undefined:undefined:undefined":1,"s:52:4:68:Infinity":10,"s:53:12:59:Infinity":11,"s:60:6:67:Infinity":12,"s:69:4:69:Infinity":13,"b:72:4:90:Infinity:undefined:undefined:undefined:undefined":2,"s:72:4:90:Infinity":14,"s:73:21:73:Infinity":15,"s:74:12:80:Infinity":16,"s:81:6:89:Infinity":17,"s:91:4:91:Infinity":18,"s:95:4:95:Infinity":19,"s:96:4:133:Infinity":20,"s:98:38:98:Infinity":21,"s:99:26:99:Infinity":22,"s:100:34:102:Infinity":23,"f:101:8:101:16":1,"s:101:16:101:Infinity":24,"b:104:6:122:Infinity:undefined:undefined:undefined:undefined":3,"s:104:6:122:Infinity":25,"s:105:14:111:Infinity":26,"s:112:8:121:Infinity":27,"s:124:6:124:Infinity":28,"s:126:12:131:Infinity":29,"s:132:6:132:Infinity":30,"s:135:4:135:Infinity":31}}}
,"D:\\projects\\personal\\sdlc-cli\\src\\commands\\work\\create.ts": {"path":"D:\\projects\\personal\\sdlc-cli\\src\\commands\\work\\create.ts","statementMap":{"0":{"start":{"line":6,"column":23},"end":{"line":6,"column":null}},"1":{"start":{"line":8,"column":19},"end":{"line":8,"column":null}},"2":{"start":{"line":10,"column":20},"end":{"line":14,"column":null}},"3":{"start":{"line":16,"column":17},"end":{"line":39,"column":null}},"4":{"start":{"line":42,"column":20},"end":{"line":42,"column":null}},"5":{"start":{"line":45,"column":19},"end":{"line":45,"column":null}},"6":{"start":{"line":46,"column":21},"end":{"line":46,"column":null}},"7":{"start":{"line":48,"column":10},"end":{"line":48,"column":null}},"8":{"start":{"line":50,"column":18},"end":{"line":55,"column":null}},"9":{"start":{"line":57,"column":4},"end":{"line":57,"column":null}},"10":{"start":{"line":59,"column":4},"end":{"line":80,"column":null}},"11":{"start":{"line":60,"column":27},"end":{"line":60,"column":null}},"12":{"start":{"line":62,"column":6},"end":{"line":62,"column":null}},"13":{"start":{"line":64,"column":25},"end":{"line":64,"column":null}},"14":{"start":{"line":65,"column":6},"end":{"line":65,"column":null}},"15":{"start":{"line":67,"column":6},"end":{"line":69,"column":null}},"16":{"start":{"line":68,"column":8},"end":{"line":68,"column":null}},"17":{"start":{"line":71,"column":6},"end":{"line":73,"column":null}},"18":{"start":{"line":72,"column":8},"end":{"line":72,"column":null}},"19":{"start":{"line":75,"column":6},"end":{"line":77,"column":null}},"20":{"start":{"line":76,"column":8},"end":{"line":76,"column":null}},"21":{"start":{"line":79,"column":6},"end":{"line":79,"column":null}}},"fnMap":{"0":{"name":"(anonymous_0)","decl":{"start":{"line":41,"column":8},"end":{"line":41,"column":29}},"loc":{"start":{"line":41,"column":29},"end":{"line":81,"column":null}},"line":41}},"branchMap":{"0":{"loc":{"start":{"line":46,"column":21},"end":{"line":46,"column":null}},"type":"binary-expr","locations":[{"start":{"line":46,"column":21},"end":{"line":46,"column":38}},{"start":{"line":46,"column":38},"end":{"line":46,"column":56}},{"start":{"line":46,"column":56},"end":{"line":46,"column":null}}],"line":46},"1":{"loc":{"start":{"line":64,"column":25},"end":{"line":64,"column":null}},"type":"cond-expr","locations":[{"start":{"line":64,"column":58},"end":{"line":64,"column":65}},{"start":{"line":64,"column":65},"end":{"line":64,"column":null}}],"line":64},"2":{"loc":{"start":{"line":67,"column":6},"end":{"line":69,"column":null}},"type":"if","locations":[{"start":{"line":67,"column":6},"end":{"line":69,"column":null}},{"start":{},"end":{}}],"line":67},"3":{"loc":{"start":{"line":71,"column":6},"end":{"line":73,"column":null}},"type":"if","locations":[{"start":{"line":71,"column":6},"end":{"line":73,"column":null}},{"start":{},"end":{}}],"line":71},"4":{"loc":{"start":{"line":75,"column":6},"end":{"line":77,"column":null}},"type":"if","locations":[{"start":{"line":75,"column":6},"end":{"line":77,"column":null}},{"start":{},"end":{}}],"line":75},"5":{"loc":{"start":{"line":75,"column":10},"end":{"line":75,"column":65}},"type":"binary-expr","locations":[{"start":{"line":75,"column":10},"end":{"line":75,"column":33}},{"start":{"line":75,"column":33},"end":{"line":75,"column":65}}],"line":75}},"s":{"0":0,"1":0,"2":0,"3":0,"4":0,"5":0,"6":0,"7":0,"8":0,"9":0,"10":0,"11":0,"12":0,"13":0,"14":0,"15":0,"16":0,"17":0,"18":0,"19":0,"20":0,"21":0},"f":{"0":0},"b":{"0":[0,0,0],"1":[0,0],"2":[0,0],"3":[0,0],"4":[0,0],"5":[0,0]},"meta":{"lastBranch":6,"lastFunction":1,"lastStatement":22,"seen":{"s:6:23:6:Infinity":0,"s:8:19:8:Infinity":1,"s:10:20:14:Infinity":2,"s:16:17:39:Infinity":3,"f:41:8:41:29":0,"s:42:20:42:Infinity":4,"s:45:19:45:Infinity":5,"s:46:21:46:Infinity":6,"b:46:21:46:38:46:38:46:56:46:56:46:Infinity":0,"s:48:10:48:Infinity":7,"s:50:18:55:Infinity":8,"s:57:4:57:Infinity":9,"s:59:4:80:Infinity":10,"s:60:27:60:Infinity":11,"s:62:6:62:Infinity":12,"s:64:25:64:Infinity":13,"b:64:58:64:65:64:65:64:Infinity":1,"s:65:6:65:Infinity":14,"b:67:6:69:Infinity:undefined:undefined:undefined:undefined":2,"s:67:6:69:Infinity":15,"s:68:8:68:Infinity":16,"b:71:6:73:Infinity:undefined:undefined:undefined:undefined":3,"s:71:6:73:Infinity":17,"s:72:8:72:Infinity":18,"b:75:6:77:Infinity:undefined:undefined:undefined:undefined":4,"s:75:6:77:Infinity":19,"b:75:10:75:33:75:33:75:65":5,"s:76:8:76:Infinity":20,"s:79:6:79:Infinity":21}}}
,"D:\\projects\\personal\\sdlc-cli\\src\\commands\\work\\get.ts": {"path":"D:\\projects\\personal\\sdlc-cli\\src\\commands\\work\\get.ts","statementMap":{"0":{"start":{"line":6,"column":23},"end":{"line":6,"column":null}},"1":{"start":{"line":8,"column":19},"end":{"line":8,"column":null}},"2":{"start":{"line":10,"column":20},"end":{"line":13,"column":null}},"3":{"start":{"line":15,"column":17},"end":{"line":26,"column":null}},"4":{"start":{"line":29,"column":20},"end":{"line":29,"column":null}},"5":{"start":{"line":32,"column":19},"end":{"line":32,"column":null}},"6":{"start":{"line":33,"column":21},"end":{"line":33,"column":null}},"7":{"start":{"line":35,"column":10},"end":{"line":35,"column":null}},"8":{"start":{"line":37,"column":4},"end":{"line":37,"column":null}},"9":{"start":{"line":39,"column":4},"end":{"line":81,"column":null}},"10":{"start":{"line":40,"column":20},"end":{"line":40,"column":null}},"11":{"start":{"line":42,"column":6},"end":{"line":44,"column":null}},"12":{"start":{"line":43,"column":8},"end":{"line":43,"column":null}},"13":{"start":{"line":46,"column":25},"end":{"line":46,"column":null}},"14":{"start":{"line":48,"column":6},"end":{"line":48,"column":null}},"15":{"start":{"line":49,"column":6},"end":{"line":49,"column":null}},"16":{"start":{"line":50,"column":6},"end":{"line":50,"column":null}},"17":{"start":{"line":51,"column":6},"end":{"line":51,"column":null}},"18":{"start":{"line":52,"column":6},"end":{"line":52,"column":null}},"19":{"start":{"line":54,"column":6},"end":{"line":58,"column":null}},"20":{"start":{"line":55,"column":8},"end":{"line":55,"column":null}},"21":{"start":{"line":57,"column":8},"end":{"line":57,"column":null}},"22":{"start":{"line":60,"column":6},"end":{"line":62,"column":null}},"23":{"start":{"line":61,"column":8},"end":{"line":61,"column":null}},"24":{"start":{"line":64,"column":6},"end":{"line":66,"column":null}},"25":{"start":{"line":65,"column":8},"end":{"line":65,"column":null}},"26":{"start":{"line":68,"column":6},"end":{"line":70,"column":null}},"27":{"start":{"line":69,"column":8},"end":{"line":69,"column":null}},"28":{"start":{"line":72,"column":6},"end":{"line":76,"column":null}},"29":{"start":{"line":73,"column":8},"end":{"line":73,"column":null}},"30":{"start":{"line":74,"column":8},"end":{"line":74,"column":null}},"31":{"start":{"line":75,"column":8},"end":{"line":75,"column":null}},"32":{"start":{"line":78,"column":6},"end":{"line":78,"column":null}},"33":{"start":{"line":80,"column":6},"end":{"line":80,"column":null}}},"fnMap":{"0":{"name":"(anonymous_0)","decl":{"start":{"line":28,"column":8},"end":{"line":28,"column":29}},"loc":{"start":{"line":28,"column":29},"end":{"line":82,"column":null}},"line":28}},"branchMap":{"0":{"loc":{"start":{"line":33,"column":21},"end":{"line":33,"column":null}},"type":"binary-expr","locations":[{"start":{"line":33,"column":21},"end":{"line":33,"column":38}},{"start":{"line":33,"column":38},"end":{"line":33,"column":56}},{"start":{"line":33,"column":56},"end":{"line":33,"column":null}}],"line":33},"1":{"loc":{"start":{"line":42,"column":6},"end":{"line":44,"column":null}},"type":"if","locations":[{"start":{"line":42,"column":6},"end":{"line":44,"column":null}},{"start":{},"end":{}}],"line":42},"2":{"loc":{"start":{"line":46,"column":25},"end":{"line":46,"column":null}},"type":"cond-expr","locations":[{"start":{"line":46,"column":51},"end":{"line":46,"column":58}},{"start":{"line":46,"column":58},"end":{"line":46,"column":null}}],"line":46},"3":{"loc":{"start":{"line":54,"column":6},"end":{"line":58,"column":null}},"type":"if","locations":[{"start":{"line":54,"column":6},"end":{"line":58,"column":null}},{"start":{"line":56,"column":13},"end":{"line":58,"column":null}}],"line":54},"4":{"loc":{"start":{"line":60,"column":6},"end":{"line":62,"column":null}},"type":"if","locations":[{"start":{"line":60,"column":6},"end":{"line":62,"column":null}},{"start":{},"end":{}}],"line":60},"5":{"loc":{"start":{"line":64,"column":6},"end":{"line":66,"column":null}},"type":"if","locations":[{"start":{"line":64,"column":6},"end":{"line":66,"column":null}},{"start":{},"end":{}}],"line":64},"6":{"loc":{"start":{"line":64,"column":10},"end":{"line":64,"column":51}},"type":"binary-expr","locations":[{"start":{"line":64,"column":10},"end":{"line":64,"column":26}},{"start":{"line":64,"column":26},"end":{"line":64,"column":51}}],"line":64},"7":{"loc":{"start":{"line":68,"column":6},"end":{"line":70,"column":null}},"type":"if","locations":[{"start":{"line":68,"column":6},"end":{"line":70,"column":null}},{"start":{},"end":{}}],"line":68},"8":{"loc":{"start":{"line":72,"column":6},"end":{"line":76,"column":null}},"type":"if","locations":[{"start":{"line":72,"column":6},"end":{"line":76,"column":null}},{"start":{},"end":{}}],"line":72}},"s":{"0":0,"1":0,"2":0,"3":0,"4":0,"5":0,"6":0,"7":0,"8":0,"9":0,"10":0,"11":0,"12":0,"13":0,"14":0,"15":0,"16":0,"17":0,"18":0,"19":0,"20":0,"21":0,"22":0,"23":0,"24":0,"25":0,"26":0,"27":0,"28":0,"29":0,"30":0,"31":0,"32":0,"33":0},"f":{"0":0},"b":{"0":[0,0,0],"1":[0,0],"2":[0,0],"3":[0,0],"4":[0,0],"5":[0,0],"6":[0,0],"7":[0,0],"8":[0,0]},"meta":{"lastBranch":9,"lastFunction":1,"lastStatement":34,"seen":{"s:6:23:6:Infinity":0,"s:8:19:8:Infinity":1,"s:10:20:13:Infinity":2,"s:15:17:26:Infinity":3,"f:28:8:28:29":0,"s:29:20:29:Infinity":4,"s:32:19:32:Infinity":5,"s:33:21:33:Infinity":6,"b:33:21:33:38:33:38:33:56:33:56:33:Infinity":0,"s:35:10:35:Infinity":7,"s:37:4:37:Infinity":8,"s:39:4:81:Infinity":9,"s:40:20:40:Infinity":10,"b:42:6:44:Infinity:undefined:undefined:undefined:undefined":1,"s:42:6:44:Infinity":11,"s:43:8:43:Infinity":12,"s:46:25:46:Infinity":13,"b:46:51:46:58:46:58:46:Inf
[...]
":{"line":117,"column":7}},"line":115}},"branchMap":{"0":{"loc":{"start":{"line":8,"column":14},"end":{"line":8,"column":47}},"type":"default-arg","locations":[{"start":{"line":8,"column":32},"end":{"line":8,"column":47}}],"line":8},"1":{"loc":{"start":{"line":18,"column":6},"end":{"line":20,"column":null}},"type":"if","locations":[{"start":{"line":18,"column":6},"end":{"line":20,"column":null}},{"start":{},"end":{}}],"line":18},"2":{"loc":{"start":{"line":22,"column":6},"end":{"line":24,"column":null}},"type":"if","locations":[{"start":{"line":22,"column":6},"end":{"line":24,"column":null}},{"start":{},"end":{}}],"line":22},"3":{"loc":{"start":{"line":35,"column":6},"end":{"line":37,"column":null}},"type":"if","locations":[{"start":{"line":35,"column":6},"end":{"line":37,"column":null}},{"start":{},"end":{}}],"line":35},"4":{"loc":{"start":{"line":42,"column":6},"end":{"line":44,"column":null}},"type":"if","locations":[{"start":{"line":42,"column":6},"end":{"line":44,"column":null}},{"start":{},"end":{}}],"line":42},"5":{"loc":{"start":{"line":76,"column":6},"end":{"line":84,"column":null}},"type":"if","locations":[{"start":{"line":76,"column":6},"end":{"line":84,"column":null}},{"start":{"line":80,"column":13},"end":{"line":84,"column":null}}],"line":76},"6":{"loc":{"start":{"line":86,"column":6},"end":{"line":88,"column":null}},"type":"if","locations":[{"start":{"line":86,"column":6},"end":{"line":88,"column":null}},{"start":{},"end":{}}],"line":86},"7":{"loc":{"start":{"line":100,"column":6},"end":{"line":102,"column":null}},"type":"if","locations":[{"start":{"line":100,"column":6},"end":{"line":102,"column":null}},{"start":{},"end":{}}],"line":100},"8":{"loc":{"start":{"line":109,"column":4},"end":{"line":111,"column":null}},"type":"if","locations":[{"start":{"line":109,"column":4},"end":{"line":111,"column":null}},{"start":{},"end":{}}],"line":109},"9":{"loc":{"start":{"line":113,"column":4},"end":{"line":119,"column":null}},"type":"if","locations":[{"start":{"line":113,"column":4},"end":{"line":119,"column":null}},{"start":{},"end":{}}],"line":113},"10":{"loc":{"start":{"line":124,"column":4},"end":{"line":132,"column":null}},"type":"if","locations":[{"start":{"line":124,"column":4},"end":{"line":132,"column":null}},{"start":{"line":130,"column":11},"end":{"line":132,"column":null}}],"line":124},"11":{"loc":{"start":{"line":125,"column":6},"end":{"line":129,"column":null}},"type":"if","locations":[{"start":{"line":125,"column":6},"end":{"line":129,"column":null}},{"start":{"line":127,"column":13},"end":{"line":129,"column":null}}],"line":125}},"s":{"0":25,"1":14,"2":14,"3":14,"4":9,"5":9,"6":7,"7":5,"8":0,"9":7,"10":7,"11":7,"12":4,"13":4,"14":3,"15":1,"16":4,"17":3,"18":1,"19":7,"20":7,"21":7,"22":3,"23":7,"24":7,"25":7,"26":7,"27":7,"28":6,"29":1,"30":1,"31":5,"32":5,"33":1,"34":0,"35":7,"36":7,"37":7,"38":7,"39":4,"40":0,"41":7,"42":7,"43":7,"44":7,"45":4,"46":4,"47":5,"48":4,"49":7,"50":7,"51":3,"52":2,"53":1,"54":4,"55":7},"f":{"0":25,"1":14,"2":7,"3":3,"4":7,"5":7,"6":7,"7":5},"b":{"0":[25],"1":[7,2],"2":[0,5],"3":[3,1],"4":[3,1],"5":[1,5],"6":[0,1],"7":[0,4],"8":[7,0],"9":[4,3],"10":[3,4],"11":[2,1]},"meta":{"lastBranch":12,"lastFunction":8,"lastStatement":56,"seen":{"f:8:2:8:14":0,"b:8:32:8:47":0,"s:9:4:9:Infinity":0,"f:12:8:12:45":1,"s:14:10:14:Infinity":1,"s:15:4:26:Infinity":2,"s:16:22:16:Infinity":3,"s:17:22:17:Infinity":4,"b:18:6:20:Infinity:undefined:undefined:undefined:undefined":1,"s:18:6:20:Infinity":5,"s:19:8:19:Infinity":6,"b:22:6:24:Infinity:undefined:undefined:undefined:undefined":2,"s:22:6:24:Infinity":7,"s:23:8:23:Infinity":8,"s:29:10:29:Infinity":9,"s:30:4:46:Infinity":10,"s:31:22:31:Infinity":11,"s:34:34:34:Infinity":12,"b:35:6:37:Infinity:undefined:undefined:undefined:undefined":3,"s:35:6:37:Infinity":13,"s:36:8:36:Infinity":14,"s:40:6:40:Infinity":15,"b:42:6:44:Infinity:undefined:undefined:undefined:undefined":4,"s:42:6:44:Infinity":16,"s:43:8:43:Infinity":17,"s:45:6:45:Infinity":18,"f:49:8:49:22":2,"s:51:4:51:Infinity":19,"s:54:4:54:Infinity":20,"s:57:4:57:Infinity":21,"f:60:2:60:30":3,"s:61:4:61:Infinity":22,"f:64:16:64:34":4,"s:65:10:65:Infinity":23,"s:67:4:67:Infinity":24,"f:70:16:70:28":5,"s:71:10:71:Infinity":25,"s:72:4:90:Infinity":26,"s:73:22:73:Infinity":27,"b:76:6:84:Infinity:80:13:84:Infinity":5,"s:76:6:84:Infinity":28,"s:78:24:78:Infinity":29,"s:79:8:79:Infinity":30,"s:82:24:82:Infinity":31,"s:83:8:83:Infinity":32,"b:86:6:88:Infinity:undefined:undefined:undefined:undefined":6,"s:86:6:88:Infinity":33,"s:87:8:87:Infinity":34,"f:93:16:93:32":6,"s:94:10:94:Infinity":35,"s:95:28:95:Infinity":36,"s:97:4:104:Infinity":37,"s:98:6:98:Infinity":38,"b:100:6:102:Infinity:undefined:undefined:undefined:undefined":7,"s:100:6:102:Infinity":39,"s:101:8:101:Infinity":40,"s:107:19:107:Infinity":41,"b:109:4:111:Infinity:undefined:undefined:undefined:undefined":8,"s:109:4:111:Infinity":42,"s:110:6:110:Infinity":43,"b:113:4:119:Infinity:undefined:undefined:undefined:undefined":9,"s:113:4:119:Infinity":44,"s:114:6:114:Infinity":45,"s:115:6:117:Infinity":46,"f:115:27:115:35":7,"s:116:8:116:Infinity":47,"s:118:6:118:Infinity":48,"s:123:18:123:Infinity":49,"b:124:4:132:Infinity:130:11:132:Infinity":10,"s:124:4:132:Infinity":50,"b:125:6:129:Infinity:127:13:129:Infinity":11,"s:125:6:129:Infinity":51,"s:126:8:126:Infinity":52,"s:128:8:128:Infinity":53,"s:131:6:131:Infinity":54,"s:134:4:134:Infinity":55}}}
,"D:\\projects\\personal\\sdlc-cli\\src\\lib\\version\\nodejs.ts": {"path":"D:\\projects\\personal\\sdlc-cli\\src\\lib\\version\\nodejs.ts","statementMap":{"0":{"start":{"line":9,"column":4},"end":{"line":9,"column":null}},"1":{"start":{"line":13,"column":10},"end":{"line":13,"column":null}},"2":{"start":{"line":14,"column":20},"end":{"line":14,"column":null}},"3":{"start":{"line":15,"column":24},"end":{"line":15,"column":null}},"4":{"start":{"line":17,"column":4},"end":{"line":19,"column":null}},"5":{"start":{"line":18,"column":6},"end":{"line":18,"column":null}},"6":{"start":{"line":21,"column":4},"end":{"line":21,"column":null}},"7":{"start":{"line":26,"column":4},"end":{"line":26,"column":null}},"8":{"start":{"line":29,"column":4},"end":{"line":29,"column":null}},"9":{"start":{"line":33,"column":4},"end":{"line":33,"column":null}},"10":{"start":{"line":37,"column":10},"end":{"line":37,"column":null}},"11":{"start":{"line":38,"column":20},"end":{"line":38,"column":null}},"12":{"start":{"line":39,"column":24},"end":{"line":39,"column":null}},"13":{"start":{"line":41,"column":4},"end":{"line":41,"column":null}},"14":{"start":{"line":44,"column":20},"end":{"line":44,"column":null}},"15":{"start":{"line":45,"column":4},"end":{"line":45,"column":null}},"16":{"start":{"line":49,"column":10},"end":{"line":49,"column":null}},"17":{"start":{"line":50,"column":28},"end":{"line":50,"column":null}},"18":{"start":{"line":52,"column":4},"end":{"line":59,"column":null}},"19":{"start":{"line":53,"column":6},"end":{"line":53,"column":null}},"20":{"start":{"line":55,"column":6},"end":{"line":57,"column":null}},"21":{"start":{"line":56,"column":8},"end":{"line":56,"column":null}},"22":{"start":{"line":62,"column":19},"end":{"line":62,"column":null}},"23":{"start":{"line":64,"column":4},"end":{"line":66,"column":null}},"24":{"start":{"line":65,"column":6},"end":{"line":65,"column":null}},"25":{"start":{"line":68,"column":4},"end":{"line":74,"column":null}},"26":{"start":{"line":69,"column":6},"end":{"line":69,"column":null}},"27":{"start":{"line":70,"column":6},"end":{"line":72,"column":null}},"28":{"start":{"line":71,"column":8},"end":{"line":71,"column":null}},"29":{"start":{"line":73,"column":6},"end":{"line":73,"column":null}},"30":{"start":{"line":78,"column":18},"end":{"line":78,"column":null}},"31":{"start":{"line":79,"column":4},"end":{"line":87,"column":null}},"32":{"start":{"line":80,"column":6},"end":{"line":84,"column":null}},"33":{"start":{"line":81,"column":8},"end":{"line":81,"column":null}},"34":{"start":{"line":83,"column":8},"end":{"line":83,"column":null}},"35":{"start":{"line":86,"column":6},"end":{"line":86,"column":null}},"36":{"start":{"line":89,"column":4},"end":{"line":89,"column":null}}},"fnMap":{"0":{"name":"(anonymous_0)","decl":{"start":{"line":8,"column":2},"end":{"line":8,"column":14}},"loc":{"start":{"line":8,"column":47},"end":{"line":10,"column":null}},"line":8},"1":{"name":"(anonymous_1)","decl":{"start":{"line":12,"column":8},"end":{"line":12,"column":45}},"loc":{"start":{"line":12,"column":45},"end":{"line":22,"column":null}},"line":12},"2":{"name":"(anonymous_2)","decl":{"start":{"line":24,"column":8},"end":{"line":24,"column":22}},"loc":{"start":{"line":24,"column":117},"end":{"line":30,"column":null}},"line":24},"3":{"name":"(anonymous_3)","decl":{"start":{"line":32,"column":2},"end":{"line":32,"column":30}},"loc":{"start":{"line":32,"column":30},"end":{"line":34,"column":null}},"line":32},"4":{"name":"(anonymous_4)","decl":{"start":{"line":36,"column":16},"end":{"line":36,"column":34}},"loc":{"start":{"line":36,"column":66},"end":{"line":46,"column":null}},"line":36},"5":{"name":"(anonymous_5)","decl":{"start":{"line":48,"column":16},"end":{"line":48,"column":32}},"loc":{"start":{"line":48,"column":127},"end":{"line":90,"column":null}},"line":48},"6":{"name":"(anonymous_6)","decl":{"start":{"line":70,"column":27},"end":{"line":70,"column":35}},"loc":{"start":{"line":70,"column":35},"end":{"line":72,"column":7}},"line":70}},"branchMap":{"0":{"loc":{"start":{"line":8,"column":14},"end":{"line":8,"column":47}},"type":"default-arg","locations":[{"start":{"line":8,"column":32},"end":{"line":8,"column":47}}],"line":8},"1":{"loc":{"start":{"line":17,"column":4},"end":{"line":19,"column":null}},"type":"if","locations":[{"start":{"line":17,"column":4},"end":{"line":19,"column":null}},{"start":{},"end":{}}],"line":17},"2":{"loc":{"start":{"line":55,"column":6},"end":{"line":57,"column":null}},"type":"if","locations":[{"start":{"line":55,"column":6},"end":{"line":57,"column":null}},{"start":{},"end":{}}],"line":55},"3":{"loc":{"start":{"line":64,"column":4},"end":{"line":66,"column":null}},"type":"if","locations":[{"start":{"line":64,"column":4},"end":{"line":66,"column":null}},{"start":{},"end":{}}],"line":64},"4":{"loc":{"start":{"line":68,"column":4},"end":{"line":74,"column":null}},"type":"if","locations":[{"start":{"line":68,"column":4},"end":{"line":74,"column":null}},{"start":{},"end":{}}],"line":68},"5":{"loc":{"start":{"line":79,"column":4},"end":{"line":87,"column":null}},"type":"if","locations":[{"start":{"line":79,"column":4},"end":{"line":87,"column":null}},{"start":{"line":85,"column":11},"end":{"line":87,"column":null}}],"line":79},"6":{"loc":{"start":{"line":80,"column":6},"end":{"line":84,"column":null}},"type":"if","locations":[{"start":{"line":80,"column":6},"end":{"line":84,"column":null}},{"start":{"line":82,"column":13},"end":{"line":84,"column":null}}],"line":80}},"s":{"0":26,"1":13,"2":13,"3":12,"4":12,"5":2,"6":9,"7":10,"8":10,"9":3,"10":10,"11":10,"12":10,"13":10,"14":10,"15":10,"16":10,"17":10,"18":10,"19":10,"20":6,"21":0,"22":10,"23":10,"24":10,"25":10,"26":8,"27":8,"28":11,"29":8,"30":10,"31":10,"32":4,"33":2,"34":2,"35":6,"36":10},"f":{"0":26,"1":13,"2":10,"3":3,"4":10,"5":10,"6":11},"b":{"0":[26],"1":[2,10],"2":[0,6],"3":[10,0],"4":[8,2],"5":[4,6],"6":[2,2]},"meta":{"lastBranch":7,"lastFunction":7,"lastStatement":37,"seen":{"f:8:2:8:14":0,"b:8:32:8:47":0,"s:9:4:9:Infinity":0,"f:12:8:12:45":1,"s:13:10:13:Infinity":1,"s:14:20:14:Infinity":2,"s:15:24:15:Infinity":3,"b:17:4:19:Infinity:undefined:undefined:undefined:undefined":1,"s:17:4:19:Infinity":4,"s:18:6:18:Infinity":5,"s:21:4:21:Infinity":6,"f:24:8:24:22":2,"s:26:4:26:Infinity":7,"s:29:4:29:Infinity":8,"f:32:2:32:30":3,"s:33:4:33:Infinity":9,"f:36:16:36:34":4,"s:37:10:37:Infinity":10,"s:38:20:38:Infinity":11,"s:39:24:39:Infinity":12,"s:41:4:41:Infinity":13,"s:44:20:44:Infinity":14,"s:45:4:45:Infinity":15,"f:48:16:48:32":5,"s:49:10:49:Infinity":16,"s:50:28:50:Infinity":17,"s:52:4:59:Infinity":18,"s:53:6:53:Infinity":19,"b:55:6:57:Infinity:undefined:undefined:undefined:undefined":2,"s:55:6:57:Infinity":20,"s:56:8:56:Infinity":21,"s:62:19:62:Infinity":22,"b:64:4:66:Infinity:undefined:undefined:undefined:undefined":3,"s:64:4:66:Infinity":23,"s:65:6:65:Infinity":24,"b:68:4:74:Infinity:undefined:undefined:undefined:undefined":4,"s:68:4:74:Infinity":25,"s:69:6:69:Infinity":26,"s:70:6:72:Infinity":27,"f:70:27:70:35":6,"s:71:8:71:Infinity":28,"s:73:6:73:Infinity":29,"s:78:18:78:Infinity":30,"b:79:4:87:Infinity:85:11:87:Infinity":5,"s:79:4:87:Infinity":31,"b:80:6:84:Infinity:82:13:84:Infinity":6,"s:80:6:84:Infinity":32,"s:81:8:81:Infinity":33,"s:83:8:83:Infinity":34,"s:86:6:86:Infinity":35,"s:89:4:89:Infinity":36}}}
,"D:\\projects\\personal\\sdlc-cli\\src\\lib\\version\\python.ts": {"path":"D:\\projects\\personal\\sdlc-cli\\src\\lib\\version\\python.ts","statementMap":{"0":{"start":{"line":9,"column":4},"end":{"line":9,"column":null}},"1":{"start":{"line":13,"column":10},"end":{"line":13,"column":null}},"2":{"start":{"line":14,"column":20},"end":{"line":14,"column":null}},"3":{"start":{"line":15,"column":25},"end":{"line":15,"column":null}},"4":{"start":{"line":16,"column":4},"end":{"line":18,"column":null}},"5":{"start":{"line":17,"column":6},"end":{"line":17,"column":null}},"6":{"start":{"line":20,"column":4},"end":{"line":20,"column":null}},"7":{"start":{"line":25,"column":4},"end":{"line":25,"column":null}},"8":{"start":{"line":28,"column":4},"end":{"line":28,"column":null}},"9":{"start":{"line":31,"column":4},"end":{"line":31,"column":null}},"10":{"start":{"line":34,"column":4},"end":{"line":34,"column":null}},"11":{"start":{"line":38,"column":4},"end":{"line":38,"column":null}},"12":{"start":{"line":42,"column":10},"end":{"line":42,"column":null}},"13":{"start":{"line":43,"column":20},"end":{"line":43,"column":null}},"14":{"start":{"line":44,"column":20},"end":{"line":44,"column":null}},"15":{"start":{"line":45,"column":4},"end":{"line":45,"column":null}},"16":{"start":{"line":49,"column":10},"end":{"line":49,"column":null}},"17":{"start":{"line":50,"column":4},"end":{"line":59,"column":null}},"18":{"start":{"line":51,"column":22},"end":{"line":51,"column":null}},"19":{"start":{"line":52,"column":22},"end":{"line":52,"column":null}},"20":{"start":{"line":53,"column":6},"end":{"line":53,"column":null}},"21":{"start":{"line":55,"column":6},"end":{"line":57,"column":null}},"22":{"start":{"line":56,"column":8},"end":{"line":56,"column":null}},"23":{"start":{"line":63,"column":10},"end":{"line":63,"column":null}},"24":{"start":{"line":64,"column":24},"end":{"line":64,"column":null}},"25":{"start":{"line":65,"column":4},"end":{"line":71,"column":null}},"26":{"start":{"line":66,"column":6},"end":{"line":66,"column":null}},"27":{"start":{"line":68,"column":6},"end":{"line":70,"column":null}},"28":{"start":{"line":69,"column":8},"end":{"line":69,"column":null}},"29":{"start":{"line":73,"column":23},"end":{"line":73,"column":null}},"30":{"start":{"line":73,"column":117},"end":{"line":73,"column":128}},"31":{"start":{"line":74,"column":20},"end":{"line":74,"column":null}},"32":{"start":{"line":75,"column":4},"end":{"line":75,"column":null}},"33":{"start":{"line":79,"column":10},"end":{"line":79,"column":null}},"34":{"start":{"line":80,"column":4},"end":{"line":80,"column":null}}},"fnMap":{"0":{"name":"(anonymous_0)","decl":{"start":{"line":8,"column":2},"end":{"line":8,"column":14}},"loc":{"start":{"line":8,"column":47},"end":{"line":10,"column":null}},"line":8},"1":{"name":"(anonymous_1)","decl":{"start":{"line":12,"column":8},"end":{"line":12,"column":45}},"loc":{"start":{"line":12,"column":45},"end":{"line":21,"column":null}},"line":12},"2":{"name":"(anonymous_2)","decl":{"start":{"line":23,"column":8},"end":{"line":23,"column":22}},"loc":{"start":{"line":23,"column":117},"end":{"line":35,"column":null}},"line":23},"3":{"name":"(anonymous_3)","decl":{"start":{"line":37,"column":2},"end":{"line":37,"column":30}},"loc":{"start":{"line":37,"column":30},"end":{"line":39,"column":null}},"line":37},"4":{"name":"(anonymous_4)","decl":{"start":{"line":41,"column":16},"end":{"line":41,"column":36}},"loc":{"start":{"line":41,"column":68},"end":{"line":46,"column":null}},"line":41},"5":{"name":"(anonymous_5)","decl":{"start":{"line":48,"column":16},"end":{"line":48,"column":30}},"loc":{"start":{"line":48,"column":62},"end":{"line":60,"column":null}},"line":48},"6":{"name":"(anonymous_6)","decl":{"start":{"line":62,"column":16},"end":{"line":62,"column":35}},"loc":{"start":{"line":62,"column":130},"end":{"line":76,"column":null}},"line":62},"7":{"name":"(anonymous_7)","decl":{"start":{"line":73,"column":109},"end":{"line":73,"column":117}},"loc":{"start":{"line":73,"column":117},"end":{"line":73,"column":128}},"line":73},"8":{"name":"(anonymous_8)","decl":{"start":{"line":78,"column":16},"end":{"line":78,"column":31}},"loc":{"start":{"line":78,"column":67},"end":{"line":81,"column":null}},"line":78}},"branchMap":{"0":{"loc":{"start":{"line":8,"column":14},"end":{"line":8,"column":47}},"type":"default-arg","locations":[{"start":{"line":8,"column":32},"end":{"line":8,"column":47}}],"line":8},"1":{"loc":{"start":{"line":16,"column":4},"end":{"line":18,"column":null}},"type":"if","locations":[{"start":{"line":16,"column":4},"end":{"line":18,"column":null}},{"start":{},"end":{}}],"line":16},"2":{"loc":{"start":{"line":55,"column":6},"end":{"line":57,"column":null}},"type":"if","locations":[{"start":{"line":55,"column":6},"end":{"line":57,"column":null}},{"start":{},"end":{}}],"line":55},"3":{"loc":{"start":{"line":68,"column":6},"end":{"line":70,"column":null}},"type":"if","locations":[{"start":{"line":68,"column":6},"end":{"line":70,"column":null}},{"start":{},"end":{}}],"line":68},"4":{"loc":{"start":{"line":73,"column":72},"end":{"line":73,"column":85}},"type":"binary-expr","locations":[{"start":{"line":73,"column":72},"end":{"line":73,"column":83}},{"start":{"line":73,"column":83},"end":{"line":73,"column":85}}],"line":73}},"s":{"0":22,"1":10,"2":10,"3":9,"4":9,"5":1,"6":8,"7":9,"8":9,"9":8,"10":7,"11":3,"12":9,"13":9,"14":9,"15":9,"16":9,"17":9,"18":9,"19":2,"20":2,"21":7,"22":1,"23":8,"24":8,"25":8,"26":8,"27":6,"28":1,"29":7,"30":5,"31":8,"32":8,"33":7,"34":7},"f":{"0":22,"1":10,"2":9,"3":3,"4":9,"5":9,"6":8,"7":5,"8":7},"b":{"0":[22],"1":[1,8],"2":[1,6],"3":[1,5],"4":[7,0]},"meta":{"lastBranch":5,"lastFunction":9,"lastStatement":35,"seen":{"f:8:2:8:14":0,"b:8:32:8:47":0,"s:9:4:9:Infinity":0,"f:12:8:12:45":1,"s:13:10:13:Infinity":1,"s:14:20:14:Infinity":2,"s:15:25:15:Infinity":3,"b:16:4:18:Infinity:undefined:undefined:undefined:undefined":1,"s:16:4:18:Infinity":4,"s:17:6:17:Infinity":5,"s:20:4:20:Infinity":6,"f:23:8:23:22":2,"s:25:4:25:Infinity":7,"s:28:4:28:Infinity":8,"s:31:4:31:Infinity":9,"s:34:4:34:Infinity":10,"f:37:2:37:30":3,"s:38:4:38:Infinity":11,"f:41:16:41:36":4,"s:42:10:42:Infinity":12,"s:43:20:43:Infinity":13,"s:44:20:44:Infinity":14,"s:45:4:45:Infinity":15,"f:48:16:48:30":5,"s:49:10:49:Infinity":16,"s:50:4:59:Infinity":17,"s:51:22:51:Infinity":18,"s:52:22:52:Infinity":19,"s:53:6:53:Infinity":20,"b:55:6:57:Infinity:undefined:undefined:undefined:undefined":2,"s:55:6:57:Infinity":21,"s:56:8:56:Infinity":22,"f:62:16:62:35":6,"s:63:10:63:Infinity":23,"s:64:24:64:Infinity":24,"s:65:4:71:Infinity":25,"s:66:6:66:Infinity":26,"b:68:6:70:Infinity:undefined:undefined:undefined:undefined":3,"s:68:6:70:Infinity":27,"s:69:8:69:Infinity":28,"s:73:23:73:Infinity":29,"b:73:72:73:83:73:83:73:85":4,"f:73:109:73:117":7,"s:73:117:73:128":30,"s:74:20:74:Infinity":31,"s:75:4:75:Infinity":32,"f:78:16:78:31":8,"s:79:10:79:Infinity":33,"s:80:4:80:Infinity":34}}}
,"D:\\projects\\personal\\sdlc-cli\\src\\lib\\version\\types.ts": {"path":"D:\\projects\\personal\\sdlc-cli\\src\\lib\\version\\types.ts","statementMap":{},"fnMap":{},"branchMap":{},"s":{},"f":{},"b":{},"meta":{"lastBranch":0,"lastFunction":0,"lastStatement":0,"seen":{}}}
}
